#
# A fatal error has been detected by the Java Runtime Environment:
#
#  SIGSEGV (0xb) at pc=0x00007fff20530829, pid=15107, tid=259
#
# JRE version: Java(TM) SE Runtime Environment (20.0.1+9) (build 20.0.1+9-29)
# Java VM: Java HotSpot(TM) 64-Bit Server VM (20.0.1+9-29, mixed mode, sharing, tiered, compressed oops, compressed class ptrs, g1 gc, bsd-amd64)
# Problematic frame:
# C  [libobjc.A.dylib+0x6829]  objc_msgSend+0x29
#
# No core dump will be written. Core dumps have been disabled. To enable core dumping, try "ulimit -c unlimited" before starting Java again
#
# If you would like to submit a bug report, please visit:
#   https://bugreport.java.com/bugreport/crash.jsp
# The crash happened outside the Java Virtual Machine in native code.
# See problematic frame for where to report the bug.
#

---------------  S U M M A R Y ------------

Command Line: -Dfile.encoding=UTF-8 -XX:+ShowCodeDetailsInExceptionMessages view.Rodatela

Host: "MacBookAir6,2" x86_64 1400 MHz, 4 cores, 4G, Darwin 20.6.0, macOS 11.7.6 (20G1231)
Time: Tue Jun 27 12:51:19 2023 -03 elapsed time: 6.494939 seconds (0d 0h 0m 6s)

---------------  T H R E A D  ---------------

Current thread (0x00007fcac9850200):  JavaThread "AppKit Thread" daemon [_thread_in_native, id=259, stack(0x00007ffee9f1f000,0x00007ffeea71f000)]

Stack: [0x00007ffee9f1f000,0x00007ffeea71f000],  sp=0x00007ffeea719fc8,  free space=8171k
Native frames: (J=compiled Java code, j=interpreted, Vv=VM code, C=native code)
C  [libobjc.A.dylib+0x6829]  objc_msgSend+0x29
j  sun.java2d.metal.MTLLayer.blitTexture(J)V+0 java.desktop@20.0.1
j  sun.java2d.metal.MTLLayer.lambda$drawInMTLContext$4(J)V+1 java.desktop@20.0.1
j  sun.java2d.metal.MTLLayer$$Lambda$127+0x00000008010a5fa0.run(J)V+1 java.desktop@20.0.1
j  sun.lwawt.macosx.CFRetainedResource.execute(Lsun/lwawt/macosx/CFRetainedResource$CFNativeAction;)V+23 java.desktop@20.0.1
j  sun.java2d.metal.MTLLayer.drawInMTLContext()V+14 java.desktop@20.0.1
v  ~StubRoutines::call_stub 0x000000011da30cc6
V  [libjvm.dylib+0x593191]  JavaCalls::call_helper(JavaValue*, methodHandle const&, JavaCallArguments*, JavaThread*)+0x2a1
V  [libjvm.dylib+0x5f617b]  jni_invoke_nonstatic(JNIEnv_*, JavaValue*, _jobject*, JNICallType, _jmethodID*, JNI_ArgumentPusher*, JavaThread*)+0x2eb
V  [libjvm.dylib+0x5faf1b]  jni_CallVoidMethod+0x18b
C  [libawt_lwawt.dylib+0x76fd6]  -[MTLLayer blitCallback]+0x296
C  [libawt_lwawt.dylib+0x7710f]  -[MTLLayer display]+0x5f
C  [QuartzCore+0x216f3]  CA::Layer::display_if_needed(CA::Transaction*)+0x35f
C  [QuartzCore+0x16cbee]  CA::Context::commit_transaction(CA::Transaction*, double, double*)+0x29a
C  [QuartzCore+0x2b6f]  CA::Transaction::commit()+0x2c9
C  [QuartzCore+0x3b65e]  CA::Transaction::observer_callback(__CFRunLoopObserver*, unsigned long, void*)+0x6e
C  [CoreFoundation+0x80091]  __CFRUNLOOP_IS_CALLING_OUT_TO_AN_OBSERVER_CALLBACK_FUNCTION__+0x17
C  [CoreFoundation+0x7ff25]  __CFRunLoopDoObservers+0x21f
C  [CoreFoundation+0x7ea24]  CFRunLoopRunSpecific+0x2ab
C  [HIToolbox+0x311f3]  RunCurrentEventLoopInMode+0x124
C  [HIToolbox+0x30f55]  ReceiveNextEventCommon+0x24b
C  [HIToolbox+0x30cf3]  _BlockUntilNextEventMatchingListInModeWithFilter+0x46
C  [AppKit+0x3ead2]  _DPSNextEvent+0x360
C  [AppKit+0x3d2a5]  -[NSApplication(NSEvent) _nextEventMatchingEventMask:untilDate:inMode:dequeue:]+0x554
C  [libosxapp.dylib+0x45aa]  -[NSApplicationAWT nextEventMatchingMask:untilDate:inMode:dequeue:]+0x7a
C  [AppKit+0x2f5c9]  -[NSApplication run]+0x24a
C  [libosxapp.dylib+0x4379]  +[NSApplicationAWT runAWTLoopWithApp:]+0xa9
C  [libawt_lwawt.dylib+0x6f1a0]  +[AWTStarter starter:headless:]+0x1f0
C  [libosxapp.dylib+0x604f]  +[ThreadUtilities invokeBlockCopy:]+0xf
C  [Foundation+0x80bc1]  __NSThreadPerformPerform+0xcc
C  [CoreFoundation+0x80cdc]  __CFRUNLOOP_IS_CALLING_OUT_TO_A_SOURCE0_PERFORM_FUNCTION__+0x11
C  [CoreFoundation+0x80c44]  __CFRunLoopDoSource0+0xb4
C  [CoreFoundation+0x809c4]  __CFRunLoopDoSources0+0xf2
C  [CoreFoundation+0x7f3ec]  __CFRunLoopRun+0x37d
C  [CoreFoundation+0x7e9ac]  CFRunLoopRunSpecific+0x233
C  [libjli.dylib+0x6f02]  CreateExecutionEnvironment+0x182
C  [libjli.dylib+0x2c7c]  JLI_Launch+0x59c
C  [java+0x3c17]  main+0x187
C  [libdyld.dylib+0x15f3d]  start+0x1
Java frames: (J=compiled Java code, j=interpreted, Vv=VM code)
j  sun.java2d.metal.MTLLayer.blitTexture(J)V+0 java.desktop@20.0.1
j  sun.java2d.metal.MTLLayer.lambda$drawInMTLContext$4(J)V+1 java.desktop@20.0.1
j  sun.java2d.metal.MTLLayer$$Lambda$127+0x00000008010a5fa0.run(J)V+1 java.desktop@20.0.1
j  sun.lwawt.macosx.CFRetainedResource.execute(Lsun/lwawt/macosx/CFRetainedResource$CFNativeAction;)V+23 java.desktop@20.0.1
j  sun.java2d.metal.MTLLayer.drawInMTLContext()V+14 java.desktop@20.0.1
v  ~StubRoutines::call_stub 0x000000011da30cc6

siginfo: si_signo: 11 (SIGSEGV), si_code: 1 (SEGV_MAPERR), si_addr: 0x00007fcf516ec520

Registers:
RAX=0x00007fcac99fa600, RBX=0x00007fcac8ee7e90, RCX=0x00007fcac980c088, RDX=0x0000000000000000
RSP=0x00007ffeea719fc8, RBP=0x00007ffeea71a0b0, RSI=0x00007fff7b98afae, RDI=0x00007fcac99fa600
R8 =0x00007fcac980c038, R9 =0xfffeffffffffffff, R10=0x00007fcaca88b200, R11=0x00007fcf516ec520
R12=0x00007fff7b9d8816, R13=0x0000000125bf7270, R14=0x00007fff20530800, R15=0x00007fff7b98ba86
RIP=0x00007fff20530829, EFLAGS=0x0000000000010202, ERR=0x0000000000000004
  TRAPNO=0x000000000000000e


Register to memory mapping:

RAX=0x00007fcac99fa600 points into unknown readable memory: 0x00007fcac987fa00 | 00 fa 87 c9 ca 7f 00 00
RBX=0x00007fcac8ee7e90 points into unknown readable memory: 0x013d80010e0907b1 | b1 07 09 0e 01 80 3d 01
RCX=0x00007fcac980c088 points into unknown readable memory: 0xa3a3a3a3a3a3a3a3 | a3 a3 a3 a3 a3 a3 a3 a3
RDX=0x0 is NULL
RSP=0x00007ffeea719fc8 is pointing into the stack for thread: 0x00007fcac9850200
RBP=0x00007ffeea71a0b0 is pointing into the stack for thread: 0x00007fcac9850200
RSI=0x00007fff7b98afae: GCC_except_table772+0x5b42b69e in /usr/lib/libobjc.A.dylib at 0x00007fff2052a000
RDI=0x00007fcac99fa600 points into unknown readable memory: 0x00007fcac987fa00 | 00 fa 87 c9 ca 7f 00 00
R8 =0x00007fcac980c038 points into unknown readable memory: 0x0000000000000000 | 00 00 00 00 00 00 00 00
R9 =0xfffeffffffffffff is an unknown value
R10=0x00007fcaca88b200 points into unknown readable memory: 0x00007fcac92b1400 | 00 14 2b c9 ca 7f 00 00
R11=0x00007fcf516ec520 is an unknown value
R12=0x00007fff7b9d8816: GCC_except_table772+0x5b478f06 in /usr/lib/libobjc.A.dylib at 0x00007fff2052a000
R13={method} {0x0000000125bf7270} 'blitTexture' '(J)V' in 'sun/java2d/metal/MTLLayer'
R14=0x00007fff20530800: objc_msgSend+0 in /usr/lib/libobjc.A.dylib at 0x00007fff2052a000
R15=0x00007fff7b98ba86: GCC_except_table772+0x5b42c176 in /usr/lib/libobjc.A.dylib at 0x00007fff2052a000


Top of Stack: (sp=0x00007ffeea719fc8)
0x00007ffeea719fc8:   000000010e02b882 aaaaaaaaaaaaaaaa
0x00007ffeea719fd8:   aaaaaaaaaaaaaaaa aaaaaaaaaaaaaaaa
0x00007ffeea719fe8:   aaaaaaaaaaaaaaaa 0000000000000000
0x00007ffeea719ff8:   0000000000000000 00007ffeea71a000
0x00007ffeea71a008:   000000080086e5a8 00007ffeea71a068
0x00007ffeea71a018:   00000008003c78d8 0000000000000000
0x00007ffeea71a028:   00000007ffe18998 00000008001b76f8
0x00007ffeea71a038:   0000000000000000 00007ffeea71a068
0x00007ffeea71a048:   00007ffeea71a0b8 000000011da4d479
0x00007ffeea71a058:   0000000000000000 0000000000000000
0x00007ffeea71a068:   00000007c32a7988 00007fcac980c080
0x00007ffeea71a078:   0000000125bacf11 00007ffeea71a0c8
0x00007ffeea71a088:   0000000125bf7270 0000000000000000
0x00007ffeea71a098:   0000000125bf7270 00007ffeea71a140
0x00007ffeea71a0a8:   00007fcac9850200 00007ffeea71a118
0x00007ffeea71a0b8:   000000011da51728 0000000000000000
0x00007ffeea71a0c8:   00000007c32a7988 00007ffeea71a0d0
0x00007ffeea71a0d8:   0000000000000000 00007ffeea71a140
0x00007ffeea71a0e8:   0000000125bf8a18 0000000000000000
0x00007ffeea71a0f8:   00000007c3210360 0000000125bf7270
0x00007ffeea71a108:   0000000000000000 00007ffeea71a138
0x00007ffeea71a118:   00007ffeea71a190 000000011da4d58d
0x00007ffeea71a128:   00000007c3210360 000000011da4f077
0x00007ffeea71a138:   00007fcac8ee7e90 0000000000000000
0x00007ffeea71a148:   00007ffeea71a148 0000000125bf79f1
0x00007ffeea71a158:   00007ffeea71a1a8 0000000125bf8a18
0x00007ffeea71a168:   0000000000000000 00000007c3210360
0x00007ffeea71a178:   0000000125bf7a08 00007ffeea71a138
0x00007ffeea71a188:   00007ffeea71a1a0 00007ffeea71a1f8
0x00007ffeea71a198:   000000011da4d58d 00007fcac8ee7e90
0x00007ffeea71a1a8:   0000000000000000 00007ffeea71a1b0
0x00007ffeea71a1b8:   0000000125dd5be1 00007ffeea71a218 

Instructions: (pc=0x00007fff20530829)
0x00007fff20530729:   90 90 90 90 90 90 90 90 90 90 90 90 90 90 90 90
0x00007fff20530739:   90 90 90 90 90 90 90 31 c0 31 d2 0f 57 c0 0f 57
0x00007fff20530749:   c9 c3 90 d9 ee 31 c0 31 d2 0f 57 c0 0f 57 c9 c3
0x00007fff20530759:   0f 1f 00 d9 ee d9 ee 31 c0 31 d2 0f 57 c0 0f 57
0x00007fff20530769:   c9 c3 90 48 89 f8 c3 49 89 fa 49 89 f3 45 23 5a
0x00007fff20530779:   18 49 c1 e3 04 4d 03 5a 10 49 3b 33 75 0e 49 8b
0x00007fff20530789:   43 08 48 83 f8 00 74 03 4c 31 d0 c3 49 83 3b 01
0x00007fff20530799:   76 17 49 83 c3 10 49 3b 33 75 f1 49 8b 43 08 48
0x00007fff205307a9:   83 f8 00 74 03 4c 31 d0 c3 72 25 4d 8b 5b 08 eb
0x00007fff205307b9:   0a 49 83 3b 01 76 17 49 83 c3 10 49 3b 33 75 f1
0x00007fff205307c9:   49 8b 43 08 48 83 f8 00 74 03 4c 31 d0 c3 eb 00
0x00007fff205307d9:   31 c0 c3 66 66 66 66 66 66 2e 0f 1f 84 00 00 00
0x00007fff205307e9:   00 00 66 66 66 66 66 66 2e 0f 1f 84 00 00 00 00
0x00007fff205307f9:   00 66 0f 1f 44 00 00 48 85 ff 2e 74 72 40 f6 c7
0x00007fff20530809:   01 2e 75 76 49 ba f8 ff ff ff ff 7f 00 00 4c 23
0x00007fff20530819:   17 49 89 f3 45 23 5a 18 49 c1 e3 04 4d 03 5a 10
0x00007fff20530829:   49 3b 33 75 0a 4d 8b 5b 08 4d 31 d3 41 ff e3 49
0x00007fff20530839:   83 3b 01 76 13 49 83 c3 10 49 3b 33 75 f1 4d 8b
0x00007fff20530849:   5b 08 4d 31 d3 41 ff e3 72 70 4d 8b 5b 08 eb 0a
0x00007fff20530859:   49 83 3b 01 76 13 49 83 c3 10 49 3b 33 75 f1 4d
0x00007fff20530869:   8b 5b 08 4d 31 d3 41 ff e3 eb 4f 0f 1f 40 00 31
0x00007fff20530879:   c0 31 d2 0f 57 c0 0f 57 c9 c3 41 89 fb 41 83 e3
0x00007fff20530889:   0f 4c 8d 15 af 08 43 60 4f 8b 14 da 4c 8d 1d 7c
0x00007fff20530899:   07 43 60 4d 39 d3 0f 85 75 ff ff ff 41 89 fb 41
0x00007fff205308a9:   c1 eb 04 41 81 e3 ff 00 00 00 4c 8d 15 06 09 43
0x00007fff205308b9:   60 4f 8b 14 da e9 57 ff ff ff e9 88 0a 00 00 66
0x00007fff205308c9:   66 66 66 66 66 2e 0f 1f 84 00 00 00 00 00 66 66
0x00007fff205308d9:   66 66 66 66 2e 0f 1f 84 00 00 00 00 00 66 66 66
0x00007fff205308e9:   66 66 66 2e 0f 1f 84 00 00 00 00 00 66 66 2e 0f
0x00007fff205308f9:   1f 84 00 00 00 00 00 48 85 ff 2e 74 6a 40 f6 c7
0x00007fff20530909:   01 2e 75 6b 49 ba f8 ff ff ff ff 7f 00 00 4c 23
0x00007fff20530919:   17 49 89 f3 45 23 5a 18 49 c1 e3 04 4d 03 5a 10 


Stack slot to memory mapping:
stack at sp + 0 slots: 0x000000010e02b882: -[MTLLayer blitTexture]+0xc2 in /Library/Java/JavaVirtualMachines/jdk-20.jdk/Contents/Home/lib/libawt_lwawt.dylib at 0x000000010dfb5000
stack at sp + 1 slots: 0xaaaaaaaaaaaaaaaa is an unknown value
stack at sp + 2 slots: 0xaaaaaaaaaaaaaaaa is an unknown value
stack at sp + 3 slots: 0xaaaaaaaaaaaaaaaa is an unknown value
stack at sp + 4 slots: 0xaaaaaaaaaaaaaaaa is an unknown value
stack at sp + 5 slots: 0x0 is NULL
stack at sp + 6 slots: 0x0 is NULL
stack at sp + 7 slots: 0x00007ffeea71a000 is pointing into the stack for thread: 0x00007fcac9850200


---------------  P R O C E S S  ---------------

Threads class SMR info:
_java_thread_list=0x00007fcac8d65270, length=17, elements={
0x00007fcac903aa00, 0x00007fcaca80d000, 0x00007fcac9039000, 0x00007fcac903be00,
0x00007fcac903c400, 0x00007fcaca80f200, 0x00007fcaca80f800, 0x00007fcac903f000,
0x00007fcac985a000, 0x00007fcac9850200, 0x00007fcac987ea00, 0x00007fcac9922800,
0x00007fcac919cc00, 0x00007fcac9903000, 0x00007fcacb06ba00, 0x00007fcaca816200,
0x00007fcacb076800
}

Java Threads: ( => current thread )
  0x00007fcac903aa00 JavaThread "Reference Handler" daemon [_thread_blocked, id=43011, stack(0x000070000b7e0000,0x000070000b8e0000)]
  0x00007fcaca80d000 JavaThread "Finalizer" daemon [_thread_blocked, id=22019, stack(0x000070000b8e3000,0x000070000b9e3000)]
  0x00007fcac9039000 JavaThread "Signal Dispatcher" daemon [_thread_blocked, id=22275, stack(0x000070000b9e6000,0x000070000bae6000)]
  0x00007fcac903be00 JavaThread "Service Thread" daemon [_thread_blocked, id=42243, stack(0x000070000bae9000,0x000070000bbe9000)]
  0x00007fcac903c400 JavaThread "Monitor Deflation Thread" daemon [_thread_blocked, id=41731, stack(0x000070000bbec000,0x000070000bcec000)]
  0x00007fcaca80f200 JavaThread "C2 CompilerThread0" daemon [_thread_blocked, id=41219, stack(0x000070000bcef000,0x000070000bdef000)]
  0x00007fcaca80f800 JavaThread "C1 CompilerThread0" daemon [_thread_blocked, id=22787, stack(0x000070000bdf2000,0x000070000bef2000)]
  0x00007fcac903f000 JavaThread "Notification Thread" daemon [_thread_blocked, id=23299, stack(0x000070000bef5000,0x000070000bff5000)]
  0x00007fcac985a000 JavaThread "Common-Cleaner" daemon [_thread_blocked, id=40451, stack(0x000070000c0fb000,0x000070000c1fb000)]
=>0x00007fcac9850200 JavaThread "AppKit Thread" daemon [_thread_in_native, id=259, stack(0x00007ffee9f1f000,0x00007ffeea71f000)]
  0x00007fcac987ea00 JavaThread "AWT-Shutdown" [_thread_blocked, id=32795, stack(0x000070000c281000,0x000070000c381000)]
  0x00007fcac9922800 JavaThread "Java2D Queue Flusher" daemon [_thread_blocked, id=51203, stack(0x000070000c48a000,0x000070000c58a000)]
  0x00007fcac919cc00 JavaThread "Java2D Disposer" daemon [_thread_blocked, id=75779, stack(0x000070000c58d000,0x000070000c68d000)]
  0x00007fcac9903000 JavaThread "Image Fetcher 0" daemon [_thread_blocked, id=72463, stack(0x000070000c690000,0x000070000c790000)]
  0x00007fcacb06ba00 JavaThread "AWT-EventQueue-0" [_thread_blocked, id=68355, stack(0x000070000c793000,0x000070000c893000)]
  0x00007fcaca816200 JavaThread "TimerQueue" daemon [_thread_blocked, id=58379, stack(0x000070000cd28000,0x000070000ce28000)]
  0x00007fcacb076800 JavaThread "DestroyJavaVM" [_thread_blocked, id=5891, stack(0x000070000afc5000,0x000070000b0c5000)]

Other Threads:
  0x00007fcac8e3c7a0 VMThread "VM Thread" [stack: 0x000070000b5d7000,0x000070000b6d7000] [id=14339]
  0x00007fcac8c36450 WatcherThread "VM Periodic Task Thread" [stack: 0x000070000bff8000,0x000070000c0f8000] [id=40707]
  0x00007fcac8e28000 WorkerThread "GC Thread#0" [stack: 0x000070000b0c8000,0x000070000b1c8000] [id=19459]
  0x00007fcac8f77b90 WorkerThread "GC Thread#1" [stack: 0x000070000c896000,0x000070000c996000] [id=67843]
  0x00007fcacd215650 WorkerThread "GC Thread#2" [stack: 0x000070000c999000,0x000070000ca99000] [id=67587]
  0x00007fcac8d5aa80 WorkerThread "GC Thread#3" [stack: 0x000070000ca9c000,0x000070000cb9c000] [id=67331]
  0x00007fcac8e28e00 ConcurrentGCThread "G1 Main Marker" [stack: 0x000070000b1cb000,0x000070000b2cb000] [id=19203]
  0x00007fcac8d04ac0 WorkerThread "G1 Conc#0" [stack: 0x000070000b2ce000,0x000070000b3ce000] [id=12547]
  0x00007fcac8c16f80 ConcurrentGCThread "G1 Refine#0" [stack: 0x000070000b3d1000,0x000070000b4d1000] [id=12803]
  0x00007fcac8c17da0 ConcurrentGCThread "G1 Service" [stack: 0x000070000b4d4000,0x000070000b5d4000] [id=13059]

Threads with active compile tasks:

VM state: not at safepoint (normal execution)

VM Mutex/Monitor currently owned by a thread: None

Heap address: 0x00000007c0000000, size: 1024 MB, Compressed Oops mode: Zero based, Oop shift amount: 3

CDS archive(s) mapped at: [0x0000000800000000-0x0000000800c6c000-0x0000000800c6c000), size 13025280, SharedBaseAddress: 0x0000000800000000, ArchiveRelocationMode: 0.
Compressed class space mapped at: 0x0000000801000000-0x0000000841000000, reserved size: 1073741824
Narrow klass base: 0x0000000800000000, Narrow klass shift: 0, Narrow klass range: 0x100000000

GC Precious Log:
 CardTable entry size: 512
 Card Set container configuration: InlinePtr #cards 5 size 8 Array Of Cards #cards 12 size 40 Howl #buckets 4 coarsen threshold 1843 Howl Bitmap #cards 512 size 80 coarsen threshold 460 Card regions per heap region 1 cards per card region 2048
 CPUs: 4 total, 4 available
 Memory: 4096M
 Large Page Support: Disabled
 NUMA Support: Disabled
 Compressed Oops: Enabled (Zero based)
 Heap Region Size: 1M
 Heap Min Capacity: 8M
 Heap Initial Capacity: 64M
 Heap Max Capacity: 1G
 Pre-touch: Disabled
 Parallel Workers: 4
 Concurrent Workers: 1
 Concurrent Refinement Workers: 4
 Periodic GC: Disabled

Heap:
 garbage-first heap   total 67584K, used 11196K [0x00000007c0000000, 0x0000000800000000)
  region size 1024K, 3 young (3072K), 1 survivors (1024K)
 Metaspace       used 5916K, committed 6144K, reserved 1114112K
  class space    used 670K, committed 768K, reserved 1048576K

Heap Regions: E=young(eden), S=young(survivor), O=old, HS=humongous(starts), HC=humongous(continues), CS=collection set, F=free, OA=open archive, CA=closed archive, TAMS=top-at-mark-start, PB=parsable bottom
|   0|0x00000007c0000000, 0x00000007c0100000, 0x00000007c0100000|100%|HS|  |TAMS 0x00000007c0000000| PB 0x00000007c0000000| Complete 
|   1|0x00000007c0100000, 0x00000007c0200000, 0x00000007c0200000|100%|HC|  |TAMS 0x00000007c0100000| PB 0x00000007c0100000| Complete 
|   2|0x00000007c0200000, 0x00000007c0300000, 0x00000007c0300000|100%|HC|  |TAMS 0x00000007c0200000| PB 0x00000007c0200000| Complete 
|   3|0x00000007c0300000, 0x00000007c0400000, 0x00000007c0400000|100%|HC|  |TAMS 0x00000007c0300000| PB 0x00000007c0300000| Complete 
|   4|0x00000007c0400000, 0x00000007c0500000, 0x00000007c0500000|100%|HC|  |TAMS 0x00000007c0400000| PB 0x00000007c0400000| Complete 
|   5|0x00000007c0500000, 0x00000007c0600000, 0x00000007c0600000|100%|HC|  |TAMS 0x00000007c0500000| PB 0x00000007c0500000| Complete 
|   6|0x00000007c0600000, 0x00000007c0700000, 0x00000007c0700000|100%|HC|  |TAMS 0x00000007c0600000| PB 0x00000007c0600000| Complete 
|   7|0x00000007c0700000, 0x00000007c0800000, 0x00000007c0800000|100%|HC|  |TAMS 0x00000007c0700000| PB 0x00000007c0700000| Complete 
|   8|0x00000007c0800000, 0x00000007c0800000, 0x00000007c0900000|  0%| F|  |TAMS 0x00000007c0800000| PB 0x00000007c0800000| Untracked 
|   9|0x00000007c0900000, 0x00000007c0900000, 0x00000007c0a00000|  0%| F|  |TAMS 0x00000007c0900000| PB 0x00000007c0900000| Untracked 
|  10|0x00000007c0a00000, 0x00000007c0a00000, 0x00000007c0b00000|  0%| F|  |TAMS 0x00000007c0a00000| PB 0x00000007c0a00000| Untracked 
|  11|0x00000007c0b00000, 0x00000007c0b00000, 0x00000007c0c00000|  0%| F|  |TAMS 0x00000007c0b00000| PB 0x00000007c0b00000| Untracked 
|  12|0x00000007c0c00000, 0x00000007c0c00000, 0x00000007c0d00000|  0%| F|  |TAMS 0x00000007c0c00000| PB 0x00000007c0c00000| Untracked 
|  13|0x00000007c0d00000, 0x00000007c0d00000, 0x00000007c0e00000|  0%| F|  |TAMS 0x00000007c0d00000| PB 0x00000007c0d00000| Untracked 
|  14|0x00000007c0e00000, 0x00000007c0e00000, 0x00000007c0f00000|  0%| F|  |TAMS 0x00000007c0e00000| PB 0x00000007c0e00000| Untracked 
|  15|0x00000007c0f00000, 0x00000007c0f00000, 0x00000007c1000000|  0%| F|  |TAMS 0x00000007c0f00000| PB 0x00000007c0f00000| Untracked 
|  16|0x00000007c1000000, 0x00000007c1000000, 0x00000007c1100000|  0%| F|  |TAMS 0x00000007c1000000| PB 0x00000007c1000000| Untracked 
|  17|0x00000007c1100000, 0x00000007c1100000, 0x00000007c1200000|  0%| F|  |TAMS 0x00000007c1100000| PB 0x00000007c1100000| Untracked 
|  18|0x00000007c1200000, 0x00000007c1200000, 0x00000007c1300000|  0%| F|  |TAMS 0x00000007c1200000| PB 0x00000007c1200000| Untracked 
|  19|0x00000007c1300000, 0x00000007c1300000, 0x00000007c1400000|  0%| F|  |TAMS 0x00000007c1300000| PB 0x00000007c1300000| Untracked 
|  20|0x00000007c1400000, 0x00000007c1400000, 0x00000007c1500000|  0%| F|  |TAMS 0x00000007c1400000| PB 0x00000007c1400000| Untracked 
|  21|0x00000007c1500000, 0x00000007c1500000, 0x00000007c1600000|  0%| F|  |TAMS 0x00000007c1500000| PB 0x00000007c1500000| Untracked 
|  22|0x00000007c1600000, 0x00000007c1600000, 0x00000007c1700000|  0%| F|  |TAMS 0x00000007c1600000| PB 0x00000007c1600000| Untracked 
|  23|0x00000007c1700000, 0x00000007c1700000, 0x00000007c1800000|  0%| F|  |TAMS 0x00000007c1700000| PB 0x00000007c1700000| Untracked 
|  24|0x00000007c1800000, 0x00000007c1800000, 0x00000007c1900000|  0%| F|  |TAMS 0x00000007c1800000| PB 0x00000007c1800000| Untracked 
|  25|0x00000007c1900000, 0x00000007c1900000, 0x00000007c1a00000|  0%| F|  |TAMS 0x00000007c1900000| PB 0x00000007c1900000| Untracked 
|  26|0x00000007c1a00000, 0x00000007c1a00000, 0x00000007c1b00000|  0%| F|  |TAMS 0x00000007c1a00000| PB 0x00000007c1a00000| Untracked 
|  27|0x00000007c1b00000, 0x00000007c1b00000, 0x00000007c1c00000|  0%| F|  |TAMS 0x00000007c1b00000| PB 0x00000007c1b00000| Untracked 
|  28|0x00000007c1c00000, 0x00000007c1c00000, 0x00000007c1d00000|  0%| F|  |TAMS 0x00000007c1c00000| PB 0x00000007c1c00000| Untracked 
|  29|0x00000007c1d00000, 0x00000007c1d00000, 0x00000007c1e00000|  0%| F|  |TAMS 0x00000007c1d00000| PB 0x00000007c1d00000| Untracked 
|  30|0x00000007c1e00000, 0x00000007c1e00000, 0x00000007c1f00000|  0%| F|  |TAMS 0x00000007c1e00000| PB 0x00000007c1e00000| Untracked 
|  31|0x00000007c1f00000, 0x00000007c1f00000, 0x00000007c2000000|  0%| F|  |TAMS 0x00000007c1f00000| PB 0x00000007c1f00000| Untracked 
|  32|0x00000007c2000000, 0x00000007c2000000, 0x00000007c2100000|  0%| F|  |TAMS 0x00000007c2000000| PB 0x00000007c2000000| Untracked 
|  33|0x00000007c2100000, 0x00000007c2100000, 0x00000007c2200000|  0%| F|  |TAMS 0x00000007c2100000| PB 0x00000007c2100000| Untracked 
|  34|0x00000007c2200000, 0x00000007c2200000, 0x00000007c2300000|  0%| F|  |TAMS 0x00000007c2200000| PB 0x00000007c2200000| Untracked 
|  35|0x00000007c2300000, 0x00000007c2300000, 0x00000007c2400000|  0%| F|  |TAMS 0x00000007c2300000| PB 0x00000007c2300000| Untracked 
|  36|0x00000007c2400000, 0x00000007c2400000, 0x00000007c2500000|  0%| F|  |TAMS 0x00000007c2400000| PB 0x00000007c2400000| Untracked 
|  37|0x00000007c2500000, 0x00000007c2500000, 0x00000007c2600000|  0%| F|  |TAMS 0x00000007c2500000| PB 0x00000007c2500000| Untracked 
|  38|0x00000007c2600000, 0x00000007c2600000, 0x00000007c2700000|  0%| F|  |TAMS 0x00000007c2600000| PB 0x00000007c2600000| Untracked 
|  39|0x00000007c2700000, 0x00000007c2700000, 0x00000007c2800000|  0%| F|  |TAMS 0x00000007c2700000| PB 0x00000007c2700000| Untracked 
|  40|0x00000007c2800000, 0x00000007c2800000, 0x00000007c2900000|  0%| F|  |TAMS 0x00000007c2800000| PB 0x00000007c2800000| Untracked 
|  41|0x00000007c2900000, 0x00000007c2900000, 0x00000007c2a00000|  0%| F|  |TAMS 0x00000007c2900000| PB 0x00000007c2900000| Untracked 
|  42|0x00000007c2a00000, 0x00000007c2a00000, 0x00000007c2b00000|  0%| F|  |TAMS 0x00000007c2a00000| PB 0x00000007c2a00000| Untracked 
|  43|0x00000007c2b00000, 0x00000007c2b00000, 0x00000007c2c00000|  0%| F|  |TAMS 0x00000007c2b00000| PB 0x00000007c2b00000| Untracked 
|  44|0x00000007c2c00000, 0x00000007c2c00000, 0x00000007c2d00000|  0%| F|  |TAMS 0x00000007c2c00000| PB 0x00000007c2c00000| Untracked 
|  45|0x00000007c2d00000, 0x00000007c2d00000, 0x00000007c2e00000|  0%| F|  |TAMS 0x00000007c2d00000| PB 0x00000007c2d00000| Untracked 
|  46|0x00000007c2e00000, 0x00000007c2e00000, 0x00000007c2f00000|  0%| F|  |TAMS 0x00000007c2e00000| PB 0x00000007c2e00000| Untracked 
|  47|0x00000007c2f00000, 0x00000007c2f00000, 0x00000007c3000000|  0%| F|  |TAMS 0x00000007c2f00000| PB 0x00000007c2f00000| Untracked 
|  48|0x00000007c3000000, 0x00000007c3000000, 0x00000007c3100000|  0%| F|  |TAMS 0x00000007c3000000| PB 0x00000007c3000000| Untracked 
|  49|0x00000007c3100000, 0x00000007c3100000, 0x00000007c3200000|  0%| F|  |TAMS 0x00000007c3100000| PB 0x00000007c3100000| Untracked 
|  50|0x00000007c3200000, 0x00000007c32f8020, 0x00000007c3300000| 96%| S|CS|TAMS 0x00000007c3200000| PB 0x00000007c3200000| Complete 
|  51|0x00000007c3300000, 0x00000007c3300000, 0x00000007c3400000|  0%| F|  |TAMS 0x00000007c3300000| PB 0x00000007c3300000| Untracked 
|  52|0x00000007c3400000, 0x00000007c3400000, 0x00000007c3500000|  0%| F|  |TAMS 0x00000007c3400000| PB 0x00000007c3400000| Untracked 
|  53|0x00000007c3500000, 0x00000007c3500000, 0x00000007c3600000|  0%| F|  |TAMS 0x00000007c3500000| PB 0x00000007c3500000| Untracked 
|  54|0x00000007c3600000, 0x00000007c3600000, 0x00000007c3700000|  0%| F|  |TAMS 0x00000007c3600000| PB 0x00000007c3600000| Untracked 
|  55|0x00000007c3700000, 0x00000007c3700000, 0x00000007c3800000|  0%| F|  |TAMS 0x00000007c3700000| PB 0x00000007c3700000| Untracked 
|  56|0x00000007c3800000, 0x00000007c3800000, 0x00000007c3900000|  0%| F|  |TAMS 0x00000007c3800000| PB 0x00000007c3800000| Untracked 
|  57|0x00000007c3900000, 0x00000007c3900000, 0x00000007c3a00000|  0%| F|  |TAMS 0x00000007c3900000| PB 0x00000007c3900000| Untracked 
|  58|0x00000007c3a00000, 0x00000007c3a00000, 0x00000007c3b00000|  0%| F|  |TAMS 0x00000007c3a00000| PB 0x00000007c3a00000| Untracked 
|  59|0x00000007c3b00000, 0x00000007c3b00000, 0x00000007c3c00000|  0%| F|  |TAMS 0x00000007c3b00000| PB 0x00000007c3b00000| Untracked 
|  60|0x00000007c3c00000, 0x00000007c3c00000, 0x00000007c3d00000|  0%| F|  |TAMS 0x00000007c3c00000| PB 0x00000007c3c00000| Untracked 
|  61|0x00000007c3d00000, 0x00000007c3d00000, 0x00000007c3e00000|  0%| F|  |TAMS 0x00000007c3d00000| PB 0x00000007c3d00000| Untracked 
|  62|0x00000007c3e00000, 0x00000007c3e00800, 0x00000007c3f00000|  0%| E|  |TAMS 0x00000007c3e00000| PB 0x00000007c3e00000| Complete 
|  63|0x00000007c3f00000, 0x00000007c4000000, 0x00000007c4000000|100%| E|CS|TAMS 0x00000007c3f00000| PB 0x00000007c3f00000| Complete 
|1022|0x00000007ffe00000, 0x00000007ffe78000, 0x00000007fff00000| 46%|OA|  |TAMS 0x00000007ffe00000| PB 0x00000007ffe00000| Untracked 
|1023|0x00000007fff00000, 0x00000007fff7f000, 0x0000000800000000| 49%|CA|  |TAMS 0x00000007fff00000| PB 0x00000007fff00000| Untracked 

Card table byte_map: [0x0000000108ba8000,0x0000000108da8000] _byte_map_base: 0x0000000104da8000

Marking Bits: (CMBitMap*) 0x00007fcac983dc10
 Bits: [0x0000000108fa8000, 0x0000000109fa8000)

Polling page: 0x000000010552f000

Metaspace:

Usage:
  Non-class:      5.12 MB used.
      Class:    670.23 KB used.
       Both:      5.78 MB used.

Virtual space:
  Non-class space:       64.00 MB reserved,       5.25 MB (  8%) committed,  1 nodes.
      Class space:        1.00 GB reserved,     768.00 KB ( <1%) committed,  1 nodes.
             Both:        1.06 GB reserved,       6.00 MB ( <1%) committed. 

Chunk freelists:
   Non-Class:  2.32 MB
       Class:  3.22 MB
        Both:  5.55 MB

MaxMetaspaceSize: unlimited
CompressedClassSpaceSize: 1.00 GB
Initial GC threshold: 21.00 MB
Current GC threshold: 21.00 MB
CDS: on
MetaspaceReclaimPolicy: balanced
 - commit_granule_bytes: 65536.
 - commit_granule_words: 8192.
 - virtual_space_node_default_size: 8388608.
 - enlarge_chunks_in_place: 1.
 - new_chunks_are_fully_committed: 0.
 - uncommit_free_chunks: 1.
 - use_allocation_guard: 0.


Internal statistics:

num_allocs_failed_limit: 0.
num_arena_births: 178.
num_arena_deaths: 0.
num_vsnodes_births: 2.
num_vsnodes_deaths: 0.
num_space_committed: 96.
num_space_uncommitted: 0.
num_chunks_returned_to_freelist: 0.
num_chunks_taken_from_freelist: 250.
num_chunk_merges: 0.
num_chunk_splits: 133.
num_chunks_enlarged: 23.
num_inconsistent_stats: 0.

CodeHeap 'non-profiled nmethods': size=120032Kb used=214Kb max_used=214Kb free=119817Kb
 bounds [0x000000011dfc1000, 0x000000011e231000, 0x00000001254f9000]
CodeHeap 'profiled nmethods': size=120028Kb used=949Kb max_used=949Kb free=119078Kb
 bounds [0x00000001164f9000, 0x0000000116769000, 0x000000011da30000]
CodeHeap 'non-nmethods': size=5700Kb used=1574Kb max_used=1589Kb free=4125Kb
 bounds [0x000000011da30000, 0x000000011dca0000, 0x000000011dfc1000]
 total_blobs=1186 nmethods=581 adapters=517
 compilation: enabled
              stopped_count=0, restarted_count=0
 full_count=0

Compilation events (20 events):
Event: 6.470 Thread 0x00007fcaca80f800 nmethod 560 0x000000011dff3a10 code [0x000000011dff3b80, 0x000000011dff3c48]
Event: 6.471 Thread 0x00007fcaca80f800  561       3       jdk.internal.misc.CDS::isDumpingArchive (4 bytes)
Event: 6.471 Thread 0x00007fcaca80f800 nmethod 561 0x00000001165df510 code [0x00000001165df6a0, 0x00000001165df788]
Event: 6.473 Thread 0x00007fcaca80f200  563       4       java.lang.StringLatin1::replace (198 bytes)
Event: 6.474 Thread 0x00007fcaca80f800  564       3       sun.invoke.util.VerifyAccess::isTypeVisible (47 bytes)
Event: 6.474 Thread 0x00007fcaca80f800 nmethod 564 0x00000001165df810 code [0x00000001165df9e0, 0x00000001165dfdf0]
Event: 6.474 Thread 0x00007fcaca80f800  567       3       jdk.internal.org.objectweb.asm.Type::getReturnTypeOffset (64 bytes)
Event: 6.476 Thread 0x00007fcaca80f800 nmethod 567 0x00000001165e0010 code [0x00000001165e0320, 0x00000001165e16c8]
Event: 6.476 Thread 0x00007fcaca80f800  569       3       java.lang.invoke.LambdaForm::returnType (26 bytes)
Event: 6.477 Thread 0x00007fcaca80f800 nmethod 569 0x00000001165e1e10 code [0x00000001165e1fa0, 0x00000001165e2150]
Event: 6.477 Thread 0x00007fcaca80f800  565       3       java.lang.invoke.MethodHandle::keepsAlive (20 bytes)
Event: 6.478 Thread 0x00007fcaca80f800 nmethod 565 0x00000001165e2210 code [0x00000001165e2460, 0x00000001165e2ef8]
Event: 6.478 Thread 0x00007fcaca80f800  572       3       jdk.internal.org.objectweb.asm.MethodWriter::visitAnnotation (40 bytes)
Event: 6.478 Thread 0x00007fcaca80f800 nmethod 572 0x00000001165e3210 code [0x00000001165e33c0, 0x00000001165e3680]
Event: 6.478 Thread 0x00007fcaca80f800  573       3       jdk.internal.org.objectweb.asm.AnnotationWriter::visitEnd (44 bytes)
Event: 6.478 Thread 0x00007fcaca80f800 nmethod 573 0x00000001165e3790 code [0x00000001165e3920, 0x00000001165e3ac8]
Event: 6.479 Thread 0x00007fcaca80f800  576       3       java.lang.invoke.DirectMethodHandle::make (275 bytes)
Event: 6.480 Thread 0x00007fcaca80f800 nmethod 576 0x00000001165e3c10 code [0x00000001165e3f80, 0x00000001165e52c8]
Event: 6.480 Thread 0x00007fcaca80f800  577       3       java.lang.invoke.MemberName::isField (8 bytes)
Event: 6.480 Thread 0x00007fcaca80f800 nmethod 577 0x00000001165e5a90 code [0x00000001165e5c20, 0x00000001165e5df0]

GC Heap History (2 events):
Event: 3.348 GC heap before
{Heap before GC invocations=0 (full 0):
 garbage-first heap   total 67584K, used 22492K [0x00000007c0000000, 0x0000000800000000)
  region size 1024K, 13 young (13312K), 0 survivors (0K)
 Metaspace       used 5545K, committed 5760K, reserved 1114112K
  class space    used 612K, committed 704K, reserved 1048576K
}
Event: 3.363 GC heap after
{Heap after GC invocations=1 (full 0):
 garbage-first heap   total 67584K, used 10172K [0x00000007c0000000, 0x0000000800000000)
  region size 1024K, 1 young (1024K), 1 survivors (1024K)
 Metaspace       used 5545K, committed 5760K, reserved 1114112K
  class space    used 612K, committed 704K, reserved 1048576K
}

Dll operation events (8 events):
Event: 0.069 Loaded shared library /Library/Java/JavaVirtualMachines/jdk-20.jdk/Contents/Home/lib/libjava.dylib
Event: 0.400 Loaded shared library /Library/Java/JavaVirtualMachines/jdk-20.jdk/Contents/Home/lib/libnio.dylib
Event: 0.403 Loaded shared library /Library/Java/JavaVirtualMachines/jdk-20.jdk/Contents/Home/lib/libjimage.dylib
Event: 0.484 Loaded shared library /Library/Java/JavaVirtualMachines/jdk-20.jdk/Contents/Home/lib/libawt.dylib
Event: 0.600 Loaded shared library /Library/Java/JavaVirtualMachines/jdk-20.jdk/Contents/Home/lib/libawt_lwawt.dylib
Event: 0.707 Loaded shared library /Library/Java/JavaVirtualMachines/jdk-20.jdk/Contents/Home/lib/libfontmanager.dylib
Event: 1.433 Loaded shared library /Library/Java/JavaVirtualMachines/jdk-20.jdk/Contents/Home/lib/libosxui.dylib
Event: 2.081 Loaded shared library /Library/Java/JavaVirtualMachines/jdk-20.jdk/Contents/Home/lib/libzip.dylib

Deoptimization events (20 events):
Event: 2.426 Thread 0x00007fcac9903000 DEOPT PACKING pc=0x0000000116591bbd sp=0x000070000c78f660
Event: 2.426 Thread 0x00007fcac9903000 DEOPT UNPACKING pc=0x000000011da999af sp=0x000070000c78eaf0 mode 0
Event: 2.427 Thread 0x00007fcac9903000 DEOPT PACKING pc=0x0000000116591bbd sp=0x000070000c78f660
Event: 2.427 Thread 0x00007fcac9903000 DEOPT UNPACKING pc=0x000000011da999af sp=0x000070000c78eaf0 mode 0
Event: 2.427 Thread 0x00007fcac9903000 DEOPT PACKING pc=0x0000000116591bbd sp=0x000070000c78f660
Event: 2.427 Thread 0x00007fcac9903000 DEOPT UNPACKING pc=0x000000011da999af sp=0x000070000c78eaf0 mode 0
Event: 2.427 Thread 0x00007fcac9903000 DEOPT PACKING pc=0x0000000116591bbd sp=0x000070000c78f660
Event: 2.427 Thread 0x00007fcac9903000 DEOPT UNPACKING pc=0x000000011da999af sp=0x000070000c78eaf0 mode 0
Event: 2.428 Thread 0x00007fcac9903000 DEOPT PACKING pc=0x0000000116591bbd sp=0x000070000c78f660
Event: 2.428 Thread 0x00007fcac9903000 DEOPT UNPACKING pc=0x000000011da999af sp=0x000070000c78eaf0 mode 0
Event: 2.443 Thread 0x00007fcac9903000 Uncommon trap: trap_request=0xffffff45 fr.pc=0x000000011dfe1f24 relative=0x00000000000003a4
Event: 2.443 Thread 0x00007fcac9903000 Uncommon trap: reason=unstable_if action=reinterpret pc=0x000000011dfe1f24 method=sun.awt.image.PNGImageDecoder.filterRow([B[BIII)V @ 4 c2
Event: 2.444 Thread 0x00007fcac9903000 DEOPT PACKING pc=0x000000011dfe1f24 sp=0x000070000c78f6a0
Event: 2.444 Thread 0x00007fcac9903000 DEOPT UNPACKING pc=0x000000011da99219 sp=0x000070000c78f5f8 mode 2
Event: 2.479 Thread 0x00007fcac9903000 DEOPT PACKING pc=0x000000011659851d sp=0x000070000c78f6e0
Event: 2.479 Thread 0x00007fcac9903000 DEOPT UNPACKING pc=0x000000011da999af sp=0x000070000c78ed30 mode 0
Event: 2.815 Thread 0x00007fcac9903000 Uncommon trap: trap_request=0xffffff45 fr.pc=0x000000011dfe3074 relative=0x0000000000000cf4
Event: 2.815 Thread 0x00007fcac9903000 Uncommon trap: reason=unstable_if action=reinterpret pc=0x000000011dfe3074 method=sun.awt.image.PNGImageDecoder.produceImage()V @ 867 c2
Event: 2.815 Thread 0x00007fcac9903000 DEOPT PACKING pc=0x000000011dfe3074 sp=0x000070000c78f8d0
Event: 2.815 Thread 0x00007fcac9903000 DEOPT UNPACKING pc=0x000000011da99219 sp=0x000070000c78f830 mode 2

Classes loaded (20 events):
Event: 6.441 Loading class sun/awt/NullComponentPeer
Event: 6.442 Loading class java/awt/peer/PanelPeer
Event: 6.442 Loading class java/awt/peer/PanelPeer done
Event: 6.442 Loading class sun/awt/NullComponentPeer done
Event: 6.444 Loading class java/applet/Applet
Event: 6.444 Loading class java/awt/Panel
Event: 6.444 Loading class java/awt/Panel done
Event: 6.444 Loading class java/applet/Applet done
Event: 6.446 Loading class sun/awt/event/IgnorePaintEvent
Event: 6.446 Loading class sun/awt/event/IgnorePaintEvent done
Event: 6.464 Loading class java/awt/SplashScreen
Event: 6.465 Loading class java/awt/SplashScreen done
Event: 6.466 Loading class java/awt/Dialog$ModalityType
Event: 6.466 Loading class java/awt/Dialog$ModalityType done
Event: 6.466 Loading class sun/lwawt/macosx/CImage
Event: 6.467 Loading class sun/lwawt/macosx/CImage done
Event: 6.467 Loading class sun/lwawt/macosx/CImage$Creator
Event: 6.467 Loading class sun/lwawt/macosx/CImage$Creator done
Event: 6.468 Loading class java/lang/invoke/MethodHandle$1
Event: 6.468 Loading class java/lang/invoke/MethodHandle$1 done

Classes unloaded (0 events):
No events

Classes redefined (0 events):
No events

Internal exceptions (20 events):
Event: 0.696 Thread 0x00007fcac981b000 Exception <a 'java/lang/ClassNotFoundException'{0x00000007c3eaae70}: sun/awt/resources/spi/awtosxProvider> (0x00000007c3eaae70) 
thrown [open/src/hotspot/share/classfile/systemDictionary.cpp, line 305]
Event: 1.420 Thread 0x00007fcac981b000 Exception <a 'java/lang/NoSuchMethodError'{0x00000007c3dab020}: 'void java.lang.invoke.DirectMethodHandle$Holder.invokeSpecial(java.lang.Object, java.lang.Object, java.lang.Object)'> (0x00000007c3dab020) 
thrown [open/src/hotspot/share/interpreter/linkResolver.cpp, line 773]
Event: 1.448 Thread 0x00007fcac981b000 Exception <a 'java/lang/NoSuchMethodError'{0x00000007c3dc1f28}: 'void java.lang.invoke.DirectMethodHandle$Holder.invokeStaticInit(java.lang.Object)'> (0x00000007c3dc1f28) 
thrown [open/src/hotspot/share/interpreter/linkResolver.cpp, line 773]
Event: 1.493 Thread 0x00007fcac981b000 Exception <a 'java/lang/NoSuchMethodError'{0x00000007c3de9d08}: 'java.lang.Object java.lang.invoke.DirectMethodHandle$Holder.newInvokeSpecial(java.lang.Object, java.lang.Object, java.lang.Object, java.lang.Object, java.lang.Object)'> (0x00000007c3de9d08) 
thrown [open/src/hotspot/share/interpreter/linkResolver.cpp, line 773]
Event: 1.504 Thread 0x00007fcac981b000 Exception <a 'java/lang/NoSuchMethodError'{0x00000007c3c1aa08}: 'java.lang.Object java.lang.invoke.DirectMethodHandle$Holder.invokeStatic(java.lang.Object, int, java.lang.Object)'> (0x00000007c3c1aa08) 
thrown [open/src/hotspot/share/interpreter/linkResolver.cpp, line 773]
Event: 1.513 Thread 0x00007fcac981b000 Exception <a 'java/lang/ClassNotFoundException'{0x00000007c3c4c2c0}: com/apple/laf/resources/spi/aquaProvider> (0x00000007c3c4c2c0) 
thrown [open/src/hotspot/share/classfile/systemDictionary.cpp, line 305]
Event: 1.936 Thread 0x00007fcac981b000 Exception <a 'java/lang/ClassNotFoundException'{0x00000007c3cbdd00}: com/sun/swing/internal/plaf/basic/resources/spi/basicProvider> (0x00000007c3cbdd00) 
thrown [open/src/hotspot/share/classfile/systemDictionary.cpp, line 305]
Event: 2.006 Thread 0x00007fcac981b000 Exception <a 'java/lang/NoSuchMethodError'{0x00000007c3cdec08}: 'int java.lang.invoke.Invokers$Holder.invokeExact_MT(java.lang.Object, java.lang.Object)'> (0x00000007c3cdec08) 
thrown [open/src/hotspot/share/interpreter/linkResolver.cpp, line 773]
Event: 2.103 Thread 0x00007fcac9903000 Exception <a 'java/lang/NoSuchMethodError'{0x00000007c3b12cf0}: 'java.lang.Object java.lang.invoke.DirectMethodHandle$Holder.newInvokeSpecial(java.lang.Object, java.lang.Object, java.lang.Object, int, int, int, int, int)'> (0x00000007c3b12cf0) 
thrown [open/src/hotspot/share/interpreter/linkResolver.cpp, line 773]
Event: 2.857 Thread 0x00007fcac981b000 Exception <a 'java/lang/NoSuchMethodError'{0x00000007c3370a88}: 'void java.lang.invoke.Invokers$Holder.invokeExact_MT(java.lang.Object, java.lang.Object, java.lang.Object, java.lang.Object)'> (0x00000007c3370a88) 
thrown [open/src/hotspot/share/interpreter/linkResolver.cpp, line 773]
Event: 2.874 Thread 0x00007fcac981b000 Exception <a 'java/lang/NoSuchMethodError'{0x00000007c337c9f8}: 'java.lang.Object java.lang.invoke.DirectMethodHandle$Holder.newInvokeSpecial(java.lang.Object, java.lang.Object, java.lang.Object, int, java.lang.Object)'> (0x00000007c337c9f8) 
thrown [open/src/hotspot/share/interpreter/linkResolver.cpp, line 773]
Event: 2.875 Thread 0x00007fcac981b000 Exception <a 'java/lang/NoSuchMethodError'{0x00000007c33840a0}: 'java.lang.Object java.lang.invoke.Invokers$Holder.linkToTargetMethod(java.lang.Object, java.lang.Object, int, java.lang.Object, java.lang.Object)'> (0x00000007c33840a0) 
thrown [open/src/hotspot/share/interpreter/linkResolver.cpp, line 773]
Event: 3.035 Thread 0x00007fcac981b000 Exception <a 'java/lang/NoSuchMethodError'{0x00000007c3388110}: 'void java.lang.invoke.DirectMethodHandle$Holder.invokeStatic(java.lang.Object, int, long)'> (0x00000007c3388110) 
thrown [open/src/hotspot/share/interpreter/linkResolver.cpp, line 773]
Event: 3.082 Thread 0x00007fcacb06ba00 Exception <a 'java/lang/NoSuchMethodError'{0x00000007c33b3448}: 'void java.lang.invoke.DirectMethodHandle$Holder.invokeStatic(java.lang.Object, long)'> (0x00000007c33b3448) 
thrown [open/src/hotspot/share/interpreter/linkResolver.cpp, line 773]
Event: 3.216 Thread 0x00007fcac981b000 Exception <a 'java/lang/NoSuchMethodError'{0x00000007c33aaca8}: 'java.lang.Object java.lang.invoke.Invokers$Holder.linkToTargetMethod(int, int, int, int, java.lang.Object)'> (0x00000007c33aaca8) 
thrown [open/src/hotspot/share/interpreter/linkResolver.cpp, line 773]
Event: 3.220 Thread 0x00007fcac981b000 Exception <a 'java/lang/NoSuchMethodError'{0x00000007c33ae2d8}: 'void java.lang.invoke.DirectMethodHandle$Holder.invokeStatic(java.lang.Object, java.lang.Object, long)'> (0x00000007c33ae2d8) 
thrown [open/src/hotspot/share/interpreter/linkResolver.cpp, line 773]
Event: 6.473 Thread 0x00007fcac981b000 Exception <a 'java/lang/NoSuchMethodError'{0x00000007c3fac990}: 'void java.lang.invoke.DirectMethodHandle$Holder.invokeSpecial(java.lang.Object, java.lang.Object, long)'> (0x00000007c3fac990) 
thrown [open/src/hotspot/share/interpreter/linkResolver.cpp, line 773]
Event: 6.474 Thread 0x00007fcac981b000 Exception <a 'java/lang/NoSuchMethodError'{0x00000007c3fb2328}: 'void java.lang.invoke.DirectMethodHandle$Holder.invokeStatic(java.lang.Object, long, long)'> (0x00000007c3fb2328) 
thrown [open/src/hotspot/share/interpreter/linkResolver.cpp, line 773]
Event: 6.475 Thread 0x00007fcac981b000 Exception <a 'java/lang/NoSuchMethodError'{0x00000007c3fb7688}: 'java.lang.Object java.lang.invoke.DirectMethodHandle$Holder.newInvokeSpecial(java.lang.Object, long)'> (0x00000007c3fb7688) 
thrown [open/src/hotspot/share/interpreter/linkResolver.cpp, line 773]
Event: 6.478 Thread 0x00007fcac981b000 Exception <a 'java/lang/NoSuchMethodError'{0x00000007c3fc12f8}: 'java.lang.Object java.lang.invoke.DirectMethodHandle$Holder.newInvokeSpecial(java.lang.Object, java.lang.Object, int)'> (0x00000007c3fc12f8) 
thrown [open/src/hotspot/share/interpreter/linkResolver.cpp, line 773]

VM Operations (14 events):
Event: 0.692 Executing VM operation: HandshakeAllThreads
Event: 0.692 Executing VM operation: HandshakeAllThreads done
Event: 1.696 Executing VM operation: Cleanup
Event: 1.707 Executing VM operation: Cleanup done
Event: 1.932 Executing VM operation: HandshakeAllThreads
Event: 1.932 Executing VM operation: HandshakeAllThreads done
Event: 2.842 Executing VM operation: HandshakeAllThreads
Event: 2.842 Executing VM operation: HandshakeAllThreads done
Event: 2.842 Executing VM operation: Cleanup
Event: 2.843 Executing VM operation: Cleanup done
Event: 3.074 Executing VM operation: HandshakeAllThreads
Event: 3.074 Executing VM operation: HandshakeAllThreads done
Event: 3.336 Executing VM operation: G1CollectForAllocation
Event: 3.363 Executing VM operation: G1CollectForAllocation done

Events (20 events):
Event: 0.272 Thread 0x00007fcaca80f200 Thread added: 0x00007fcaca80f200
Event: 0.272 Protecting memory [0x000070000bcef000,0x000070000bcf3000] with protection modes 0
Event: 0.272 Thread 0x00007fcaca80f800 Thread added: 0x00007fcaca80f800
Event: 0.272 Protecting memory [0x000070000bdf2000,0x000070000bdf6000] with protection modes 0
Event: 0.289 Thread 0x00007fcac903f000 Thread added: 0x00007fcac903f000
Event: 0.289 Protecting memory [0x000070000bef5000,0x000070000bef9000] with protection modes 0
Event: 0.306 Thread 0x00007fcac985a000 Thread added: 0x00007fcac985a000
Event: 0.306 Protecting memory [0x000070000c0fb000,0x000070000c0ff000] with protection modes 0
Event: 0.724 Protecting memory [0x00007ffee9f1f000,0x00007ffee9f23000] with protection modes 0
Event: 0.724 Thread 0x00007fcac9850200 Thread added: 0x00007fcac9850200
Event: 0.842 Thread 0x00007fcac987ea00 Thread added: 0x00007fcac987ea00
Event: 0.843 Protecting memory [0x000070000c281000,0x000070000c285000] with protection modes 0
Event: 1.288 Thread 0x00007fcac9922800 Thread added: 0x00007fcac9922800
Event: 1.289 Protecting memory [0x000070000c48a000,0x000070000c48e000] with protection modes 0
Event: 1.357 Thread 0x00007fcac919cc00 Thread added: 0x00007fcac919cc00
Event: 1.357 Protecting memory [0x000070000c58d000,0x000070000c591000] with protection modes 0
Event: 2.066 Thread 0x00007fcac9903000 Thread added: 0x00007fcac9903000
Event: 2.066 Protecting memory [0x000070000c690000,0x000070000c694000] with protection modes 0
Event: 3.065 Thread 0x00007fcacb06ba00 Thread added: 0x00007fcacb06ba00
Event: 3.066 Protecting memory [0x000070000c793000,0x000070000c797000] with protection modes 0


Dynamic libraries:
0x00007fff2a7a6000 	/usr/lib/libz.1.dylib
0x00000001054f2000 	/Library/Java/JavaVirtualMachines/jdk-20.jdk/Contents/Home/lib/libjli.dylib
0x00007fff351ed000 	/System/Library/Frameworks/Cocoa.framework/Versions/A/Cocoa
0x00007fff22522000 	/System/Library/Frameworks/Security.framework/Versions/A/Security
0x00007fff333f1000 	/System/Library/Frameworks/ApplicationServices.framework/Versions/A/ApplicationServices
0x00007fff2a86e000 	/usr/lib/libSystem.B.dylib
0x00007fff2a868000 	/usr/lib/system/libcache.dylib
0x00007fff2a824000 	/usr/lib/system/libcommonCrypto.dylib
0x00007fff2a84e000 	/usr/lib/system/libcompiler_rt.dylib
0x00007fff2a843000 	/usr/lib/system/libcopyfile.dylib
0x00007fff2041a000 	/usr/lib/system/libcorecrypto.dylib
0x00007fff204e5000 	/usr/lib/system/libdispatch.dylib
0x00007fff20698000 	/usr/lib/system/libdyld.dylib
0x00007fff2a85f000 	/usr/lib/system/libkeymgr.dylib
0x00007fff2dc75000 	/usr/lib/system/liblaunch.dylib
0x00007fff2a802000 	/usr/lib/system/libmacho.dylib
0x00007fff29ffa000 	/usr/lib/system/libquarantine.dylib
0x00007fff2a85c000 	/usr/lib/system/libremovefile.dylib
0x00007fff24efe000 	/usr/lib/system/libsystem_asl.dylib
0x00007fff203ca000 	/usr/lib/system/libsystem_blocks.dylib
0x00007fff20567000 	/usr/lib/system/libsystem_c.dylib
0x00007fff2a856000 	/usr/lib/system/libsystem_collections.dylib
0x00007fff29300000 	/usr/lib/system/libsystem_configuration.dylib
0x00007fff285eb000 	/usr/lib/system/libsystem_containermanager.dylib
0x00007fff2a5a5000 	/usr/lib/system/libsystem_coreservices.dylib
0x00007fff22ada000 	/usr/lib/system/libsystem_darwin.dylib
0x00007fff2a860000 	/usr/lib/system/libsystem_dnssd.dylib
0x00007fff20564000 	/usr/lib/system/libsystem_featureflags.dylib
0x00007fff206de000 	/usr/lib/system/libsystem_info.dylib
0x00007fff2a7b9000 	/usr/lib/system/libsystem_m.dylib
0x00007fff204b8000 	/usr/lib/system/libsystem_malloc.dylib
0x00007fff24e91000 	/usr/lib/system/libsystem_networkextension.dylib
0x00007fff22ef9000 	/usr/lib/system/libsystem_notify.dylib
0x00007fff3010c000 	/usr/lib/system/libsystem_product_info_filter.dylib
0x00007fff29304000 	/usr/lib/system/libsystem_sandbox.dylib
0x00007fff2a859000 	/usr/lib/system/libsystem_secinit.dylib
0x00007fff2065c000 	/usr/lib/system/libsystem_kernel.dylib
0x00007fff206d4000 	/usr/lib/system/libsystem_platform.dylib
0x00007fff2068c000 	/usr/lib/system/libsystem_pthread.dylib
0x00007fff265dc000 	/usr/lib/system/libsystem_symptoms.dylib
0x00007fff20402000 	/usr/lib/system/libsystem_trace.dylib
0x00007fff2a830000 	/usr/lib/system/libunwind.dylib
0x00007fff203cc000 	/usr/lib/system/libxpc.dylib
0x00007fff20646000 	/usr/lib/libc++abi.dylib
0x00007fff2052a000 	/usr/lib/libobjc.A.dylib
0x00007fff2a83b000 	/usr/lib/liboah.dylib
0x00007fff205f0000 	/usr/lib/libc++.1.dylib
0x00007fff2070a000 	/System/Library/Frameworks/CoreFoundation.framework/Versions/A/CoreFoundation
0x00007fff214ba000 	/System/Library/Frameworks/Foundation.framework/Versions/C/Foundation
0x00007fff22f53000 	/System/Library/Frameworks/AppKit.framework/Versions/C/AppKit
0x00007fff25e18000 	/System/Library/Frameworks/CoreData.framework/Versions/A/CoreData
0x00007fff23c9f000 	/System/Library/PrivateFrameworks/UIFoundation.framework/Versions/A/UIFoundation
0x00007fff2fe9f000 	/System/Library/PrivateFrameworks/RemoteViewServices.framework/Versions/A/RemoteViewServices
0x00007fff28cb1000 	/System/Library/PrivateFrameworks/XCTTargetBootstrap.framework/Versions/A/XCTTargetBootstrap
0x00007fff2b999000 	/usr/lib/libspindump.dylib
0x00007fff23eee000 	/System/Library/Frameworks/UniformTypeIdentifiers.framework/Versions/A/UniformTypeIdentifiers
0x00007fff274b5000 	/usr/lib/libapp_launch_measurement.dylib
0x00007fff274b8000 	/System/Library/PrivateFrameworks/CoreAutoLayout.framework/Versions/A/CoreAutoLayout
0x00007fff28618000 	/System/Library/Frameworks/Metal.framework/Versions/A/Metal
0x00007fff2930f000 	/usr/lib/liblangid.dylib
0x00007fff28cb5000 	/System/Library/PrivateFrameworks/CoreSVG.framework/Versions/A/CoreSVG
0x00007fff24f2e000 	/System/Library/PrivateFrameworks/SkyLight.framework/Versions/A/SkyLight
0x00007fff25294000 	/System/Library/Frameworks/CoreGraphics.framework/Versions/A/CoreGraphics
0x00007fff303c6000 	/System/Library/Frameworks/Accelerate.framework/Versions/A/Accelerate
0x00007fff2b3d7000 	/System/Library/PrivateFrameworks/IconServices.framework/Versions/A/IconServices
0x00007fff285fc000 	/System/Library/Frameworks/IOSurface.framework/Versions/A/IOSurface
0x00007fff267a0000 	/usr/lib/libDiagnosticMessagesClient.dylib
0x00007fff28c9d000 	/System/Library/PrivateFrameworks/DFRFoundation.framework/Versions/A/DFRFoundation
0x00007fff2287a000 	/usr/lib/libicucore.A.dylib
0x00007fff2cede000 	/System/Library/Frameworks/AudioToolbox.framework/Versions/A/AudioToolbox
0x00007fff2c166000 	/System/Library/PrivateFrameworks/DataDetectorsCore.framework/Versions/A/DataDetectorsCore
0x00007fff24ea1000 	/usr/lib/libMobileGestalt.dylib
0x00007fff289a1000 	/System/Library/Frameworks/Carbon.framework/Versions/A/Frameworks/HIToolbox.framework/Versions/A/HIToolbox
0x00007fff26efa000 	/System/Library/Frameworks/QuartzCore.framework/Versions/A/QuartzCore
0x00007fff2fed7000 	/System/Library/Frameworks/Carbon.framework/Versions/A/Frameworks/SpeechRecognition.framework/Versions/A/SpeechRecognition
0x00007fff2721a000 	/System/Library/PrivateFrameworks/CoreUI.framework/Versions/A/CoreUI
0x00007fff21e90000 	/System/Library/Frameworks/CoreAudio.framework/Versions/A/CoreAudio
0x00007fff2688b000 	/System/Library/Frameworks/DiskArbitration.framework/Versions/A/DiskArbitration
0x00007fff2bd67000 	/System/Library/PrivateFrameworks/MultitouchSupport.framework/Versions/A/MultitouchSupport
0x00007fff2c15d000 	/System/Library/PrivateFrameworks/InternationalSupport.framework/Versions/A/InternationalSupport
0x00007fff24ea0000 	/usr/lib/libenergytrace.dylib
0x00007fff22e4a000 	/System/Library/Frameworks/IOKit.framework/Versions/A/IOKit
0x00007fff3020a000 	/System/Library/Frameworks/CoreServices.framework/Versions/A/CoreServices
0x00007fff27447000 	/System/Library/PrivateFrameworks/PerformanceAnalysis.framework/Versions/A/PerformanceAnalysis
0x00007fff6bb95000 	/System/Library/Frameworks/OpenGL.framework/Versions/A/OpenGL
0x00007fff2c1e1000 	/System/Library/PrivateFrameworks/UserActivity.framework/Versions/A/UserActivity
0x00007fff2591e000 	/System/Library/Frameworks/ColorSync.framework/Versions/A/ColorSync
0x00007fff28f1d000 	/System/Library/Frameworks/CoreImage.framework/Versions/A/CoreImage
0x00007fff21caa000 	/System/Library/Frameworks/CoreText.framework/Versions/A/CoreText
0x00007fff28cdf000 	/System/Library/Frameworks/ImageIO.framework/Versions/A/ImageIO
0x00007fff2a874000 	/System/Library/PrivateFrameworks/SoftLinking.framework/Versions/A/SoftLinking
0x00007fff27500000 	/usr/lib/libxml2.2.dylib
0x00007fff2aae5000 	/usr/lib/libcompression.dylib
0x00007fff2c08f000 	/System/Library/PrivateFrameworks/TextureIO.framework/Versions/A/TextureIO
0x00007fff2b115000 	/usr/lib/libate.dylib
0x00007fff2aef9000 	/usr/lib/liblzma.5.dylib
0x00007fff211ce000 	/System/Library/Frameworks/SystemConfiguration.framework/Versions/A/SystemConfiguration
0x00007fff2a870000 	/usr/lib/libfakelink.dylib
0x00007fff249f2000 	/System/Library/Frameworks/CFNetwork.framework/Versions/A/CFNetwork
0x00007fff2a9b0000 	/usr/lib/libarchive.2.dylib
0x00007fff2124c000 	/usr/lib/libCRFSuite.dylib
0x00007fff2a021000 	/usr/lib/libbsm.0.dylib
0x00007fff2436b000 	/usr/lib/libnetwork.dylib
0x00007fff2a875000 	/usr/lib/libpcap.A.dylib
0x00007fff265d5000 	/usr/lib/libdns_services.dylib
0x00007fff2af12000 	/usr/lib/libcoretls_cfhelpers.dylib
0x00007fff2aaaf000 	/usr/lib/libapple_nghttp2.dylib
0x00007fff2a808000 	/usr/lib/system/libkxld.dylib
0x00007fff2624e000 	/usr/lib/libsqlite3.dylib
0x00007fff2a588000 	/System/Library/PrivateFrameworks/AppleFSCompression.framework/Versions/A/AppleFSCompression
0x00007fff2a009000 	/usr/lib/libcoretls.dylib
0x00007fff2aae0000 	/usr/lib/libpam.2.dylib
0x00007fff2b010000 	/usr/lib/libxar.1.dylib
0x00007fff2930b000 	/System/Library/PrivateFrameworks/AppleSystemInfo.framework/Versions/A/AppleSystemInfo
0x00007fff29c4b000 	/System/Library/PrivateFrameworks/IOMobileFramebuffer.framework/Versions/A/IOMobileFramebuffer
0x00007fff2a598000 	/usr/lib/libbz2.1.0.dylib
0x00007fff2a8ad000 	/usr/lib/libiconv.2.dylib
0x00007fff2a801000 	/usr/lib/libcharset.1.dylib
0x00007fff27483000 	/System/Library/Frameworks/CoreServices.framework/Versions/A/Frameworks/FSEvents.framework/Versions/A/FSEvents
0x00007fff22ae4000 	/System/Library/Frameworks/CoreServices.framework/Versions/A/Frameworks/CarbonCore.framework/Versions/A/CarbonCore
0x00007fff267f0000 	/System/Library/Frameworks/CoreServices.framework/Versions/A/Frameworks/Metadata.framework/Versions/A/Metadata
0x00007fff2a5aa000 	/System/Library/Frameworks/CoreServices.framework/Versions/A/Frameworks/OSServices.framework/Versions/A/OSServices
0x00007fff2aa22000 	/System/Library/Frameworks/CoreServices.framework/Versions/A/Frameworks/SearchKit.framework/Versions/A/SearchKit
0x00007fff26560000 	/System/Library/Frameworks/CoreServices.framework/Versions/A/Frameworks/AE.framework/Versions/A/AE
0x00007fff20ba8000 	/System/Library/Frameworks/CoreServices.framework/Versions/A/Frameworks/LaunchServices.framework/Versions/A/LaunchServices
0x00007fff2aea9000 	/System/Library/Frameworks/CoreServices.framework/Versions/A/Frameworks/DictionaryServices.framework/Versions/A/DictionaryServices
0x00007fff27490000 	/System/Library/Frameworks/CoreServices.framework/Versions/A/Frameworks/SharedFileList.framework/Versions/A/SharedFileList
0x00007fff29ffd000 	/usr/lib/libCheckFix.dylib
0x00007fff24f15000 	/System/Library/PrivateFrameworks/TCC.framework/Versions/A/TCC
0x00007fff29311000 	/System/Library/PrivateFrameworks/CoreNLP.framework/Versions/A/CoreNLP
0x00007fff267a3000 	/System/Library/PrivateFrameworks/MetadataUtilities.framework/Versions/A/MetadataUtilities
0x00007fff21281000 	/usr/lib/libmecabra.dylib
0x00007fff2a307000 	/System/Library/Frameworks/MLCompute.framework/Versions/A/MLCompute
0x00007fff2a032000 	/usr/lib/libmecab.dylib
0x00007fff2a07c000 	/usr/lib/libgermantok.dylib
0x00007fff2aa8a000 	/usr/lib/libThaiTokenizer.dylib
0x00007fff2b04c000 	/usr/lib/libChineseTokenizer.dylib
0x00007fff2aade000 	/System/Library/Frameworks/MetalPerformanceShaders.framework/Versions/A/MetalPerformanceShaders
0x00007fff26892000 	/System/Library/Frameworks/Accelerate.framework/Versions/A/Frameworks/vImage.framework/Versions/A/vImage
0x00007fff301e4000 	/System/Library/Frameworks/Accelerate.framework/Versions/A/Frameworks/vecLib.framework/Versions/A/vecLib
0x00007fff2b057000 	/System/Library/Frameworks/Accelerate.framework/Versions/A/Frameworks/vecLib.framework/Versions/A/libvMisc.dylib
0x00007fff29a66000 	/System/Library/Frameworks/Accelerate.framework/Versions/A/Frameworks/vecLib.framework/Versions/A/libvDSP.dylib
0x00007fff20eb4000 	/System/Library/Frameworks/Accelerate.framework/Versions/A/Frameworks/vecLib.framework/Versions/A/libBLAS.dylib
0x00007fff2ab0b000 	/System/Library/Frameworks/Accelerate.framework/Versions/A/Frameworks/vecLib.framework/Versions/A/libLAPACK.dylib
0x00007fff2a082000 	/System/Library/Frameworks/Accelerate.framework/Versions/A/Frameworks/vecLib.framework/Versions/A/libLinearAlgebra.dylib
0x00007fff2aac7000 	/System/Library/Frameworks/Accelerate.framework/Versions/A/Frameworks/vecLib.framework/Versions/A/libSparseBLAS.dylib
0x00007fff2ab05000 	/System/Library/Frameworks/Accelerate.framework/Versions/A/Frameworks/vecLib.framework/Versions/A/libQuadrature.dylib
0x00007fff293bd000 	/System/Library/Frameworks/Accelerate.framework/Versions/A/Frameworks/vecLib.framework/Versions/A/libBNNS.dylib
0x00007fff2115f000 	/System/Library/Frameworks/Accelerate.framework/Versions/A/Frameworks/vecLib.framework/Versions/A/libSparse.dylib
0x00007fff29299000 	/System/Library/Frameworks/MetalPerformanceShaders.framework/Versions/A/Frameworks/MPSCore.framework/Versions/A/MPSCore
0x00007fff2a4f7000 	/System/Library/Frameworks/MetalPerformanceShaders.framework/Versions/A/Frameworks/MPSImage.framework/Versions/A/MPSImage
0x00007fff2a098000 	/System/Library/Frameworks/MetalPerformanceShaders.framework/Versions/A/Frameworks/MPSNeuralNetwork.framework/Versions/A/MPSNeuralNetwork
0x00007fff2a469000 	/System/Library/Frameworks/MetalPerformanceShaders.framework/Versions/A/Frameworks/MPSMatrix.framework/Versions/A/MPSMatrix
0x00007fff2a2b7000 	/System/Library/Frameworks/MetalPerformanceShaders.framework/Versions/A/Frameworks/MPSRayIntersector.framework/Versions/A/MPSRayIntersector
0x00007fff2a4a0000 	/System/Library/Frameworks/MetalPerformanceShaders.framework/Versions/A/Frameworks/MPSNDArray.framework/Versions/A/MPSNDArray
0x00007fff20ddf000 	/System/Library/PrivateFrameworks/MetalTools.framework/Versions/A/MetalTools
0x00007fff29309000 	/System/Library/PrivateFrameworks/AggregateDictionary.framework/Versions/A/AggregateDictionary
0x00007fff26770000 	/System/Library/PrivateFrameworks/CoreAnalytics.framework/Versions/A/CoreAnalytics
0x00007fff2aa8c000 	/System/Library/PrivateFrameworks/AppleSauce.framework/Versions/A/AppleSauce
0x00007fff2860e000 	/System/Library/PrivateFrameworks/IOAccelerator.framework/Versions/A/IOAccelerator
0x00007fff6bb89000 	/System/Library/Frameworks/OpenGL.framework/Versions/A/Libraries/libCoreFSCache.dylib
0x00007fff21819000 	/System/Library/PrivateFrameworks/LanguageModeling.framework/Versions/A/LanguageModeling
0x00007fff29c39000 	/System/Library/PrivateFrameworks/CoreEmoji.framework/Versions/A/CoreEmoji
0x00007fff293b6000 	/System/Library/PrivateFrameworks/LinguisticData.framework/Versions/A/LinguisticData
0x00007fff21111000 	/System/Library/PrivateFrameworks/Lexicon.framework/Versions/A/Lexicon
0x00007fff2a99e000 	/usr/lib/libcmph.dylib
0x00007fff27463000 	/System/Library/Frameworks/OpenDirectory.framework/Versions/A/Frameworks/CFOpenDirectory.framework/Versions/A/CFOpenDirectory
0x00007fff27453000 	/System/Library/Frameworks/OpenDirectory.framework/Versions/A/OpenDirectory
0x00007fff2af14000 	/System/Library/PrivateFrameworks/APFS.framework/Versions/A/APFS
0x00007fff29f5f000 	/System/Library/Frameworks/SecurityFoundation.framework/Versions/A/SecurityFoundation
0x00007fff2b01f000 	/usr/lib/libutil.dylib
0x00007fff22e0f000 	/System/Library/PrivateFrameworks/CoreServicesStore.framework/Versions/A/CoreServicesStore
0x00007fff29ff5000 	/System/Library/Frameworks/ServiceManagement.framework/Versions/A/ServiceManagement
0x00007fff2b023000 	/usr/lib/libxslt.1.dylib
0x00007fff29feb000 	/System/Library/PrivateFrameworks/BackgroundTaskManagement.framework/Versions/A/BackgroundTaskManagement
0x00007fff2bfd9000 	/System/Library/Frameworks/ImageIO.framework/Versions/A/Resources/libRadiance.dylib
0x00007fff2bfe3000 	/System/Library/Frameworks/ImageIO.framework/Versions/A/Resources/libJPEG.dylib
0x00007fff2bf31000 	/System/Library/Frameworks/ImageIO.framework/Versions/A/Resources/libPng.dylib
0x00007fff2bf52000 	/System/Library/Frameworks/ImageIO.framework/Versions/A/Resources/libTIFF.dylib
0x00007fff2c038000 	/System/Library/Frameworks/ImageIO.framework/Versions/A/Resources/libGIF.dylib
0x00007fff2bc83000 	/System/Library/Frameworks/ImageIO.framework/Versions/A/Resources/libJP2.dylib
0x00007fff2b39e000 	/usr/lib/libexpat.1.dylib
0x00007fff2bc39000 	/System/Library/PrivateFrameworks/AppleJPEG.framework/Versions/A/AppleJPEG
0x00007fff28844000 	/System/Library/PrivateFrameworks/FontServices.framework/libFontParser.dylib
0x00007fff26517000 	/System/Library/PrivateFrameworks/RunningBoardServices.framework/Versions/A/RunningBoardServices
0x00007fff2bd63000 	/System/Library/PrivateFrameworks/WatchdogClient.framework/Versions/A/WatchdogClient
0x00007fff21902000 	/System/Library/Frameworks/CoreDisplay.framework/Versions/A/CoreDisplay
0x00007fff28759000 	/System/Library/Frameworks/CoreMedia.framework/Versions/A/CoreMedia
0x00007fff275e3000 	/System/Library/Frameworks/CoreVideo.framework/Versions/A/CoreVideo
0x00007fff2bd9e000 	/System/Library/Frameworks/VideoToolbox.framework/Versions/A/VideoToolbox
0x00007fff26497000 	/System/Library/PrivateFrameworks/BaseBoard.framework/Versions/A/BaseBoard
0x00007fff2b4e3000 	/System/Library/PrivateFrameworks/PersistentConnection.framework/Versions/A/PersistentConnection
0x00007fff26238000 	/System/Library/PrivateFrameworks/ProtocolBuffer.framework/Versions/A/ProtocolBuffer
0x00007fff2647f000 	/System/Library/PrivateFrameworks/CommonUtilities.framework/Versions/A/CommonUtilities
0x00007fff2bbfc000 	/System/Library/PrivateFrameworks/Bom.framework/Versions/A/Bom
0x00007fff2bfd1000 	/System/Library/PrivateFrameworks/GPUWrangler.framework/Versions/A/GPUWrangler
0x00007fff2bfb4000 	/System/Library/PrivateFrameworks/IOPresentment.framework/Versions/A/IOPresentment
0x00007fff2bfdd000 	/System/Library/PrivateFrameworks/DSExternalDisplay.framework/Versions/A/DSExternalDisplay
0x00007fff2c03d000 	/System/Library/PrivateFrameworks/CMCaptureCore.framework/Versions/A/CMCaptureCore
0x00007fff2b97f000 	/System/Library/PrivateFrameworks/AppServerSupport.framework/Versions/A/AppServerSupport
0x00007fff2da18000 	/System/Library/PrivateFrameworks/perfdata.framework/Versions/A/perfdata
0x00007fff29f4e000 	/System/Library/PrivateFrameworks/AssertionServices.framework/Versions/A/AssertionServices
0x00007fff21a39000 	/System/Library/PrivateFrameworks/AudioToolboxCore.framework/Versions/A/AudioToolboxCore
0x00007fff2873c000 	/System/Library/PrivateFrameworks/caulk.framework/Versions/A/caulk
0x00007fff3cecf000 	/System/Library/PrivateFrameworks/SystemPolicy.framework/Versions/A/SystemPolicy
0x00007fff2b1ad000 	/usr/lib/libIOReport.dylib
0x00007fff2d254000 	/usr/lib/libSMC.dylib
0x00007fff2befd000 	/usr/lib/libAudioToolboxUtility.dylib
0x00007fff3d82c000 	/usr/lib/libmis.dylib
0x00007fff6bbe5000 	/System/Library/Frameworks/OpenGL.framework/Versions/A/Libraries/libGLU.dylib
0x00007fff6bba8000 	/System/Library/Frameworks/OpenGL.framework/Versions/A/Libraries/libGFXShared.dylib
0x00007fff6bdb6000 	/System/Library/Frameworks/OpenGL.framework/Versions/A/Libraries/libGL.dylib
0x00007fff6bbb1000 	/System/Library/Frameworks/OpenGL.framework/Versions/A/Libraries/libGLImage.dylib
0x00007fff6bba5000 	/System/Library/Frameworks/OpenGL.framework/Versions/A/Libraries/libCVMSPluginSupport.dylib
0x00007fff6bb90000 	/System/Library/Frameworks/OpenGL.framework/Versions/A/Libraries/libCoreVMClient.dylib
0x00007fff6d200000 	/System/Library/Frameworks/OpenCL.framework/Versions/A/OpenCL
0x00007fff2b50c000 	/System/Library/PrivateFrameworks/GraphVisualizer.framework/Versions/A/GraphVisualizer
0x00007fff2b51b000 	/System/Library/PrivateFrameworks/FaceCore.framework/Versions/A/FaceCore
0x00007fff2b937000 	/System/Library/PrivateFrameworks/OTSVG.framework/Versions/A/OTSVG
0x00007fff271d8000 	/System/Library/Frameworks/ApplicationServices.framework/Versions/A/Frameworks/ATS.framework/Versions/A/Resources/libFontRegistry.dylib
0x00007fff2b986000 	/System/Library/PrivateFrameworks/FontServices.framework/libhvf.dylib
0x00007fff2b34a000 	/System/Library/PrivateFrameworks/AppleVA.framework/Versions/A/AppleVA
0x00007fff2d09c000 	/System/Library/Frameworks/ApplicationServices.framework/Versions/A/Frameworks/ATS.framework/Versions/A/ATS
0x00007fff2d3af000 	/System/Library/Frameworks/ApplicationServices.framework/Versions/A/Frameworks/ColorSyncLegacy.framework/Versions/A/ColorSyncLegacy
0x00007fff25a16000 	/System/Library/Frameworks/ApplicationServices.framework/Versions/A/Frameworks/HIServices.framework/Versions/A/HIServices
0x00007fff2d394000 	/System/Library/Frameworks/ApplicationServices.framework/Versions/A/Frameworks/LangAnalysis.framework/Versions/A/LangAnalysis
0x00007fff2c047000 	/System/Library/Frameworks/ApplicationServices.framework/Versions/A/Frameworks/PrintCore.framework/Versions/A/PrintCore
0x00007fff2d3b7000 	/System/Library/Frameworks/ApplicationServices.framework/Versions/A/Frameworks/QD.framework/Versions/A/QD
0x00007fff2d08c000 	/System/Library/Frameworks/ApplicationServices.framework/Versions/A/Frameworks/SpeechSynthesis.framework/Versions/A/SpeechSynthesis
0x00007fff2c008000 	/System/Library/Frameworks/ApplicationServices.framework/Versions/A/Frameworks/ATSUI.framework/Versions/A/ATSUI
0x00007fff2d334000 	/usr/lib/libcups.2.dylib
0x00007fff2d3a4000 	/System/Library/PrivateFrameworks/NetAuth.framework/Versions/A/NetAuth
0x00007fff2da33000 	/System/Library/Frameworks/Kerberos.framework/Versions/A/Kerberos
0x00007fff2da43000 	/System/Library/Frameworks/GSS.framework/Versions/A/GSS
0x00007fff2d109000 	/usr/lib/libresolv.9.dylib
0x00007fff2b99c000 	/System/Library/PrivateFrameworks/Heimdal.framework/Versions/A/Heimdal
0x00007fff33706000 	/System/Library/Frameworks/Kerberos.framework/Versions/A/Libraries/libHeimdalProxy.dylib
0x00007fff265e4000 	/System/Library/Frameworks/Network.framework/Versions/A/Network
0x00007fff2b3b8000 	/usr/lib/libheimdal-asn1.dylib
0x00007fff2da94000 	/System/Library/PrivateFrameworks/CommonAuth.framework/Versions/A/CommonAuth
0x00007fff27631000 	/System/Library/PrivateFrameworks/login.framework/Versions/A/Frameworks/loginsupport.framework/Versions/A/loginsupport
0x00007fff2d013000 	/System/Library/PrivateFrameworks/AudioSession.framework/Versions/A/AudioSession
0x00007fff2d079000 	/usr/lib/libAudioStatistics.dylib
0x00007fff2b444000 	/System/Library/PrivateFrameworks/MediaExperience.framework/Versions/A/MediaExperience
0x00007fff2ceac000 	/System/Library/PrivateFrameworks/AudioSession.framework/libSessionUtility.dylib
0x00007fff2da24000 	/usr/lib/libperfcheck.dylib
0x00007fff2d3c3000 	/System/Library/PrivateFrameworks/AudioResourceArbitration.framework/Versions/A/AudioResourceArbitration
0x00007fff2b3c2000 	/System/Library/PrivateFrameworks/IconFoundation.framework/Versions/A/IconFoundation
0x00007fff2fec7000 	/System/Library/PrivateFrameworks/SpeechRecognitionCore.framework/Versions/A/SpeechRecognitionCore
0x0000000107800000 	/Library/Java/JavaVirtualMachines/jdk-20.jdk/Contents/Home/lib/server/libjvm.dylib
0x000000010551f000 	/Library/Java/JavaVirtualMachines/jdk-20.jdk/Contents/Home/lib/libjimage.dylib
0x0000000105579000 	/Library/Java/JavaVirtualMachines/jdk-20.jdk/Contents/Home/lib/libjava.dylib
0x00000001057bf000 	/Library/Java/JavaVirtualMachines/jdk-20.jdk/Contents/Home/lib/libnio.dylib
0x00000001057db000 	/Library/Java/JavaVirtualMachines/jdk-20.jdk/Contents/Home/lib/libnet.dylib
0x000000010de59000 	/Library/Java/JavaVirtualMachines/jdk-20.jdk/Contents/Home/lib/libawt.dylib
0x000000010df19000 	/Library/Java/JavaVirtualMachines/jdk-20.jdk/Contents/Home/lib/libmlib_image.dylib
0x00007fff6eb49000 	/System/Library/Frameworks/JavaRuntimeSupport.framework/Versions/A/JavaRuntimeSupport
0x00007fff3cc19000 	/System/Library/Frameworks/Carbon.framework/Versions/A/Carbon
0x00007fff31d38000 	/System/Library/PrivateFrameworks/CoreSymbolication.framework/Versions/A/CoreSymbolication
0x00007fff366b5000 	/System/Library/Frameworks/Carbon.framework/Versions/A/Frameworks/CommonPanels.framework/Versions/A/CommonPanels
0x00007fff3318f000 	/System/Library/Frameworks/Carbon.framework/Versions/A/Frameworks/Help.framework/Versions/A/Help
0x00007fff366b9000 	/System/Library/Frameworks/Carbon.framework/Versions/A/Frameworks/ImageCapture.framework/Versions/A/ImageCapture
0x00007fff36689000 	/System/Library/Frameworks/Carbon.framework/Versions/A/Frameworks/OpenScripting.framework/Versions/A/OpenScripting
0x00007fff366b1000 	/System/Library/Frameworks/Carbon.framework/Versions/A/Frameworks/Ink.framework/Versions/A/Ink
0x00007fff3cc15000 	/System/Library/Frameworks/Carbon.framework/Versions/A/Frameworks/Print.framework/Versions/A/Print
0x00007fff366ad000 	/System/Library/Frameworks/Carbon.framework/Versions/A/Frameworks/SecurityHI.framework/Versions/A/SecurityHI
0x00007fff31cfc000 	/System/Library/PrivateFrameworks/DebugSymbols.framework/Versions/A/DebugSymbols
0x000000010dfb5000 	/Library/Java/JavaVirtualMachines/jdk-20.jdk/Contents/Home/lib/libawt_lwawt.dylib
0x000000010e0e5000 	/Library/Java/JavaVirtualMachines/jdk-20.jdk/Contents/Home/lib/libosxapp.dylib
0x00007fff3c230000 	/System/Library/Frameworks/ExceptionHandling.framework/Versions/A/ExceptionHandling
0x000000010e10d000 	/Library/Java/JavaVirtualMachines/jdk-20.jdk/Contents/Home/lib/libfontmanager.dylib
0x000000010e2d5000 	/Library/Java/JavaVirtualMachines/jdk-20.jdk/Contents/Home/lib/libfreetype.dylib
0x00007fff22dd0000 	/System/Library/PrivateFrameworks/CoreServicesInternal.framework/Versions/A/CoreServicesInternal
0x00007fff3124e000 	/System/Library/Frameworks/FileProvider.framework/Versions/A/FileProvider
0x00007fff26402000 	/System/Library/Frameworks/Accounts.framework/Versions/A/Accounts
0x00007fff3139e000 	/System/Library/PrivateFrameworks/GenerationalStorage.framework/Versions/A/GenerationalStorage
0x00007fff30c6e000 	/System/Library/PrivateFrameworks/SymptomDiagnosticReporter.framework/Versions/A/SymptomDiagnosticReporter
0x00007fff23f01000 	/System/Library/PrivateFrameworks/DesktopServicesPriv.framework/Versions/A/DesktopServicesPriv
0x00007fff22f05000 	/usr/lib/libsandbox.1.dylib
0x00007fff2765c000 	/System/Library/PrivateFrameworks/UserManagement.framework/Versions/A/UserManagement
0x00007fff29f2b000 	/System/Library/PrivateFrameworks/MobileKeyBag.framework/Versions/A/MobileKeyBag
0x00007fff34789000 	/System/Library/PrivateFrameworks/ChunkingLibrary.framework/Versions/A/ChunkingLibrary
0x00007fff2e457000 	/System/Library/PrivateFrameworks/Sharing.framework/Versions/A/Sharing
0x00007fff32cfc000 	/System/Library/PrivateFrameworks/Apple80211.framework/Versions/A/Apple80211
0x00007fff2a5d8000 	/System/Library/PrivateFrameworks/AuthKit.framework/Versions/A/AuthKit
0x00007fff29d29000 	/System/Library/PrivateFrameworks/CoreUtils.framework/Versions/A/CoreUtils
0x00007fff29c56000 	/System/Library/Frameworks/CoreWLAN.framework/Versions/A/CoreWLAN
0x00007fff2e5a3000 	/System/Library/Frameworks/IOBluetooth.framework/Versions/A/IOBluetooth
0x00007fff32d60000 	/System/Library/PrivateFrameworks/CoreWiFi.framework/Versions/A/CoreWiFi
0x00007fff2db1a000 	/System/Library/PrivateFrameworks/CorePhoneNumbers.framework/Versions/A/CorePhoneNumbers
0x00007fff30d75000 	/System/Library/PrivateFrameworks/DiskManagement.framework/Versions/A/DiskManagement
0x00007fff30c8b000 	/System/Library/PrivateFrameworks/AppleIDAuthSupport.framework/Versions/A/AppleIDAuthSupport
0x00007fff2dafa000 	/System/Library/PrivateFrameworks/KeychainCircle.framework/Versions/A/KeychainCircle
0x00007fff30d41000 	/System/Library/PrivateFrameworks/MediaKit.framework/Versions/A/MediaKit
0x00007fff30c98000 	/System/Library/Frameworks/DiscRecording.framework/Versions/A/DiscRecording
0x00007fff2b2be000 	/usr/lib/libCoreStorage.dylib
0x00007fff3319b000 	/usr/lib/libcsfde.dylib
0x00007fff2e6de000 	/System/Library/PrivateFrameworks/ProtectedCloudStorage.framework/Versions/A/ProtectedCloudStorage
0x00007fff33193000 	/System/Library/PrivateFrameworks/EFILogin.framework/Versions/A/EFILogin
0x00007fff337b9000 	/System/Library/Frameworks/AudioUnit.framework/Versions/A/AudioUnit
0x00007fff30c08000 	/System/Library/Frameworks/CoreBluetooth.framework/Versions/A/CoreBluetooth
0x00007fff2b2b6000 	/usr/lib/libMatch.1.dylib
0x00007fff43a9c000 	/System/Library/CoreServices/RawCamera.bundle/Contents/MacOS/RawCamera
0x00007fff2daa5000 	/System/Library/PrivateFrameworks/MobileAsset.framework/Versions/A/MobileAsset
0x00007fff337dd000 	/System/Library/PrivateFrameworks/StreamingZip.framework/Versions/A/StreamingZip
0x00007fff2c23f000 	/System/Library/Frameworks/MediaToolbox.framework/Versions/A/MediaToolbox
0x00007fff31220000 	/System/Library/PrivateFrameworks/CoreAVCHD.framework/Versions/A/CoreAVCHD
0x00007fff30407000 	/System/Library/Frameworks/MediaAccessibility.framework/Versions/A/MediaAccessibility
0x00007fff3121c000 	/System/Library/PrivateFrameworks/Mangrove.framework/Versions/A/Mangrove
0x00007fff30413000 	/System/Library/PrivateFrameworks/AlgosScoreFramework.framework/Versions/A/AlgosScoreFramework
0x00007fff31c0a000 	/System/Library/PrivateFrameworks/AppleVPA.framework/Versions/A/AppleVPA
0x00007fff30e61000 	/System/Library/PrivateFrameworks/CoreAUC.framework/Versions/A/CoreAUC
0x00007fff414ef000 	/System/Library/Frameworks/Accelerate.framework/Versions/A/Frameworks/vImage.framework/Versions/A/Libraries/libCGInterfaces.dylib
0x000000012577b000 	/usr/lib/libobjc-trampolines.dylib
0x00007fff2735b000 	/System/Library/PrivateFrameworks/ViewBridge.framework/Versions/A/ViewBridge
0x00007fff61df0000 	/System/Library/Extensions/AppleIntelHD5000GraphicsMTLDriver.bundle/Contents/MacOS/AppleIntelHD5000GraphicsMTLDriver
0x00007fff3d83f000 	/System/Library/PrivateFrameworks/GPURawCounter.framework/Versions/A/GPURawCounter
0x00007fff6973e000 	/System/Library/PrivateFrameworks/GPUCompiler.framework/Versions/31001/Libraries/libmetal_timestamp.dylib
0x0000000136d80000 	/Library/Java/JavaVirtualMachines/jdk-20.jdk/Contents/Home/lib/libosxui.dylib
0x0000000136d94000 	/Library/Java/JavaVirtualMachines/jdk-20.jdk/Contents/Home/lib/libzip.dylib
0x00007fff2ba5d000 	/System/Library/PrivateFrameworks/login.framework/Versions/A/login
0x00007fff777eb000 	/usr/lib/libRosetta.dylib


VM Arguments:
jvm_args: -Dfile.encoding=UTF-8 -XX:+ShowCodeDetailsInExceptionMessages 
java_command: view.Rodatela
java_class_path (initial): /Users/Gabryel/git/farmacia_2/Projeto_OO/bin
Launcher Type: SUN_STANDARD

[Global flags]
     intx CICompilerCount                          = 3                                         {product} {ergonomic}
     uint ConcGCThreads                            = 1                                         {product} {ergonomic}
     uint G1ConcRefinementThreads                  = 4                                         {product} {ergonomic}
   size_t G1HeapRegionSize                         = 1048576                                   {product} {ergonomic}
    uintx GCDrainStackTargetSize                   = 64                                        {product} {ergonomic}
   size_t InitialHeapSize                          = 67108864                                  {product} {ergonomic}
   size_t MarkStackSize                            = 4194304                                   {product} {ergonomic}
   size_t MaxHeapSize                              = 1073741824                                {product} {ergonomic}
   size_t MaxNewSize                               = 643825664                                 {product} {ergonomic}
   size_t MinHeapDeltaBytes                        = 1048576                                   {product} {ergonomic}
   size_t MinHeapSize                              = 8388608                                   {product} {ergonomic}
    uintx NonNMethodCodeHeapSize                   = 5832780                                {pd product} {ergonomic}
    uintx NonProfiledCodeHeapSize                  = 122912730                              {pd product} {ergonomic}
    uintx ProfiledCodeHeapSize                     = 122912730                              {pd product} {ergonomic}
    uintx ReservedCodeCacheSize                    = 251658240                              {pd product} {ergonomic}
     bool SegmentedCodeCache                       = true                                      {product} {ergonomic}
     bool ShowCodeDetailsInExceptionMessages       = true                                   {manageable} {command line}
   size_t SoftMaxHeapSize                          = 1073741824                             {manageable} {ergonomic}
     bool UseCompressedClassPointers               = true                           {product lp64_product} {ergonomic}
     bool UseCompressedOops                        = true                           {product lp64_product} {ergonomic}
     bool UseG1GC                                  = true                                      {product} {ergonomic}
     bool UseNUMA                                  = false                                     {product} {ergonomic}
     bool UseNUMAInterleaving                      = false                                     {product} {ergonomic}

Logging:
Log output configuration:
 #0: stdout all=warning uptime,level,tags foldmultilines=false
 #1: stderr all=off uptime,level,tags foldmultilines=false

Environment Variables:
PATH=/usr/bin:/bin:/usr/sbin:/sbin
SHELL=/bin/bash
TMPDIR=/var/folders/56/pd149c994rbgr0qmyg_gzkv00000gn/T/

Active Locale:
LC_ALL=C
LC_COLLATE=C
LC_CTYPE=C
LC_MESSAGES=C
LC_MONETARY=C
LC_NUMERIC=C
LC_TIME=C

Signal Handlers:
   SIGSEGV: crash_handler in libjvm.dylib, mask=11100110000111110111111111111111, flags=SA_ONSTACK|SA_RESTART|SA_SIGINFO, unblocked
    SIGBUS: crash_handler in libjvm.dylib, mask=11100110000111110111111111111111, flags=SA_RESTART|SA_SIGINFO, unblocked
    SIGFPE: crash_handler in libjvm.dylib, mask=11100110000111110111111111111111, flags=SA_RESTART|SA_SIGINFO, unblocked
   SIGPIPE: javaSignalHandler in libjvm.dylib, mask=11100110000111110111111111111111, flags=SA_RESTART|SA_SIGINFO, blocked
   SIGXFSZ: javaSignalHandler in libjvm.dylib, mask=11100110000111110111111111111111, flags=SA_RESTART|SA_SIGINFO, blocked
    SIGILL: crash_handler in libjvm.dylib, mask=11100110000111110111111111111111, flags=SA_RESTART|SA_SIGINFO, unblocked
   SIGUSR2: SR_handler in libjvm.dylib, mask=00000000000000000000000000000000, flags=SA_RESTART|SA_SIGINFO, blocked
    SIGHUP: UserHandler in libjvm.dylib, mask=11100110000111110111111111111111, flags=SA_RESTART|SA_SIGINFO, blocked
    SIGINT: UserHandler in libjvm.dylib, mask=11100110000111110111111111111111, flags=SA_RESTART|SA_SIGINFO, blocked
   SIGTERM: UserHandler in libjvm.dylib, mask=11100110000111110111111111111111, flags=SA_RESTART|SA_SIGINFO, blocked
   SIGQUIT: UserHandler in libjvm.dylib, mask=11100110000111110111111111111111, flags=SA_RESTART|SA_SIGINFO, blocked
   SIGTRAP: crash_handler in libjvm.dylib, mask=11100110000111110111111111111111, flags=SA_RESTART|SA_SIGINFO, unblocked


---------------  S Y S T E M  ---------------

OS:
uname: Darwin 20.6.0 Darwin Kernel Version 20.6.0: Thu Mar  9 20:39:26 PST 2023; root:xnu-7195.141.49.700.6~1/RELEASE_X86_64 x86_64
OS uptime: 26 days 1:37 hours
rlimit (soft/hard): STACK 8192k/65532k , CORE 0k/infinity , NPROC 1392/2088 , NOFILE 10240/infinity , AS infinity/infinity , CPU infinity/infinity , DATA infinity/infinity , FSIZE infinity/infinity , MEMLOCK infinity/infinity , RSS infinity/infinity
load average: 12.32 8.59 7.10

CPU: total 4 (initial active 4) (2 cores per cpu, 2 threads per core) family 6 model 69 stepping 1 microcode 0x26, cx8, cmov, fxsr, ht, mmx, sse, sse2, sse3, ssse3, sse4.1, sse4.2, popcnt, lzcnt, tsc, tscinvbit, avx, avx2, aes, erms, clmul, bmi1, bmi2, fma, vzeroupper, clflush, rdtscp, f16c

Memory: 4k page, physical 4194304k(53856k free), swap 2097152k(1303552k free)

vm_info: Java HotSpot(TM) 64-Bit Server VM (20.0.1+9-29) for bsd-amd64 JRE (20.0.1+9-29), built on 2023-03-07T13:56:11Z by "mach5one" with clang Apple LLVM 12.0.0 (clang-1200.0.32.29)

END.
